Picked up JAVA_TOOL_OPTIONS: -XX:MaxRAMPercentage=90.0 -XX:InitialRAMPercentage=90.0 -Daether.connector.connectTimeout=10000 -Daether.connector.requestTimeout=120000
################################################################################
# Thanks for using OpenAPI Generator.                                          #
# Please consider donation to help us maintain this project 🙏                 #
# https://opencollective.com/openapi_generator/donate                          #
################################################################################
Successfully generated code to /workspace/build/generated/sources/openapi
################################################################################
# Thanks for using OpenAPI Generator.                                          #
# Please consider donation to help us maintain this project 🙏                 #
# https://opencollective.com/openapi_generator/donate                          #
################################################################################
Successfully generated code to /workspace/build/generated/sources/openapi
/workspace/build/generated/sources/openapi/src/main/java/ru/tinkoff/capital/funds/api/model/GetIndexResponse.java:15: error: package io.swagger.v3.oas.annotations.media does not exist
import io.swagger.v3.oas.annotations.media.Schema;
                                          ^
/workspace/build/generated/sources/openapi/src/main/java/ru/tinkoff/capital/funds/api/model/IndexFullInfo.java:20: error: package io.swagger.v3.oas.annotations.media does not exist
import io.swagger.v3.oas.annotations.media.Schema;
                                          ^
/workspace/build/generated/sources/openapi/src/main/java/ru/tinkoff/capital/funds/api/model/Indicator.java:11: error: package io.swagger.v3.oas.annotations.media does not exist
import io.swagger.v3.oas.annotations.media.Schema;
                                          ^
/workspace/build/generated/sources/openapi/src/main/java/ru/tinkoff/capital/funds/api/model/Indicator.java:21: error: cannot find symbol
@Schema(name = "Indicator", description = "Список показателей индекса")
 ^
  symbol: class Schema
/workspace/build/generated/sources/openapi/src/main/java/ru/tinkoff/capital/funds/api/model/IndexFullInfoFollowerFundsInner.java:12: error: package io.swagger.v3.oas.annotations.media does not exist
import io.swagger.v3.oas.annotations.media.Schema;
                                          ^
/workspace/src/main/java/ru/tinkoff/capital/funds/api/builder/operation/index/GetIndexResponseBuilder.java:75: error: cannot find symbol
    private List<IndexFullInfoFollowerFunds> buildFollowerFunds(IndexInfoCache cache) {
                 ^
  symbol:   class IndexFullInfoFollowerFunds
  location: class GetIndexResponseBuilder
/workspace/src/main/java/ru/tinkoff/capital/funds/api/builder/operation/index/GetIndexResponseBuilder.java:81: error: cannot find symbol
    private IndexFullInfoFollowerFunds buildFollowerFund(IndexInfoCache.FollowerFund followerFund) {
            ^
  symbol:   class IndexFullInfoFollowerFunds
  location: class GetIndexResponseBuilder
/workspace/src/main/java/ru/tinkoff/capital/funds/api/builder/operation/index/GetIndexResponseBuilder.java:137: error: cannot find symbol
    private List<IndexFullInfoFollowerFunds> buildFollowerFunds(List<FundRow> funds) {
                 ^
  symbol:   class IndexFullInfoFollowerFunds
  location: class GetIndexResponseBuilder
/workspace/src/main/java/ru/tinkoff/capital/funds/api/builder/operation/index/GetIndexResponseBuilder.java:143: error: cannot find symbol
    private IndexFullInfoFollowerFunds buildFollowerFund(FundRow fund) {
            ^
  symbol:   class IndexFullInfoFollowerFunds
  location: class GetIndexResponseBuilder
/workspace/build/generated/sources/openapi/src/main/java/ru/tinkoff/capital/funds/api/model/Period.java:10: error: package io.swagger.v3.oas.annotations.media does not exist
import io.swagger.v3.oas.annotations.media.Schema;
                                          ^
/workspace/build/generated/sources/openapi/src/main/java/ru/tinkoff/capital/funds/api/model/DownloadCalculationBaseResponse.java:15: error: package io.swagger.v3.oas.annotations.media does not exist
import io.swagger.v3.oas.annotations.media.Schema;
                                          ^
/workspace/build/generated/sources/openapi/src/main/java/ru/tinkoff/capital/funds/api/model/FilesObject.java:16: error: package io.swagger.v3.oas.annotations.media does not exist
import io.swagger.v3.oas.annotations.media.Schema;
                                          ^
/workspace/build/generated/sources/openapi/src/main/java/ru/tinkoff/capital/funds/api/model/FilesObject.java:26: error: cannot find symbol
@Schema(name = "FilesObject", description = "Массив доступных для скачивания файлов")
 ^
  symbol: class Schema
/workspace/build/generated/sources/openapi/src/main/java/ru/tinkoff/capital/funds/api/model/Files.java:13: error: package io.swagger.v3.oas.annotations.media does not exist
import io.swagger.v3.oas.annotations.media.Schema;
                                          ^
/workspace/build/generated/sources/openapi/src/main/java/ru/tinkoff/capital/funds/api/model/Files.java:23: error: cannot find symbol
@Schema(name = "Files", description = "Файл для скачивания")
 ^
  symbol: class Schema
/workspace/build/generated/sources/openapi/src/main/java/ru/tinkoff/capital/funds/api/model/Pagination.java:11: error: package io.swagger.v3.oas.annotations.media does not exist
import io.swagger.v3.oas.annotations.media.Schema;
                                          ^
/workspace/build/generated/sources/openapi/src/main/java/ru/tinkoff/capital/funds/api/model/GetIndexesResponse.java:15: error: package io.swagger.v3.oas.annotations.media does not exist
import io.swagger.v3.oas.annotations.media.Schema;
                                          ^
/workspace/build/generated/sources/openapi/src/main/java/ru/tinkoff/capital/funds/api/model/Indexes.java:15: error: package io.swagger.v3.oas.annotations.media does not exist
import io.swagger.v3.oas.annotations.media.Schema;
                                          ^
/workspace/build/generated/sources/openapi/src/main/java/ru/tinkoff/capital/funds/api/model/Indexes.java:25: error: cannot find symbol
@Schema(name = "Indexes", description = "Массив индексов")
 ^
  symbol: class Schema
/workspace/build/generated/sources/openapi/src/main/java/ru/tinkoff/capital/funds/api/model/IndexShortInfo.java:16: error: package io.swagger.v3.oas.annotations.media does not exist
import io.swagger.v3.oas.annotations.media.Schema;
                                          ^
/workspace/build/generated/sources/openapi/src/main/java/ru/tinkoff/capital/funds/api/model/YieldValue.java:14: error: package io.swagger.v3.oas.annotations.media does not exist
import io.swagger.v3.oas.annotations.media.Schema;
                                          ^
/workspace/build/generated/sources/openapi/src/main/java/ru/tinkoff/capital/funds/api/model/YieldValue.java:24: error: cannot find symbol
@Schema(name = "YieldValue", description = "Доходность индекса")
 ^
  symbol: class Schema
/workspace/build/generated/sources/openapi/src/main/java/ru/tinkoff/capital/funds/api/model/YieldValueType.java:10: error: package io.swagger.v3.oas.annotations.media does not exist
import io.swagger.v3.oas.annotations.media.Schema;
                                          ^
/workspace/build/generated/sources/openapi/src/main/java/ru/tinkoff/capital/funds/api/model/DownloadIndexHistoryResponse.java:15: error: package io.swagger.v3.oas.annotations.media does not exist
import io.swagger.v3.oas.annotations.media.Schema;
                                          ^
/workspace/build/generated/sources/openapi/src/main/java/ru/tinkoff/capital/funds/api/model/FileObject.java:11: error: package io.swagger.v3.oas.annotations.media does not exist
import io.swagger.v3.oas.annotations.media.Schema;
                                          ^
/workspace/build/generated/sources/openapi/src/main/java/ru/tinkoff/capital/funds/api/model/GetIndexHistoryResponse.java:15: error: package io.swagger.v3.oas.annotations.media does not exist
import io.swagger.v3.oas.annotations.media.Schema;
                                          ^
/workspace/build/generated/sources/openapi/src/main/java/ru/tinkoff/capital/funds/api/model/IndexHistory.java:16: error: package io.swagger.v3.oas.annotations.media does not exist
import io.swagger.v3.oas.annotations.media.Schema;
                                          ^
/workspace/build/generated/sources/openapi/src/main/java/ru/tinkoff/capital/funds/api/model/DateTimeValue.java:14: error: package io.swagger.v3.oas.annotations.media does not exist
import io.swagger.v3.oas.annotations.media.Schema;
                                          ^
/workspace/build/generated/sources/openapi/src/main/java/ru/tinkoff/capital/funds/api/model/DateTimeValue.java:24: error: cannot find symbol
@Schema(name = "DateTimeValue", description = "Значение на конкретную точку во времени")
 ^
  symbol: class Schema
/workspace/build/generated/sources/openapi/src/main/java/ru/tinkoff/capital/funds/api/model/GetIndexPieChartsResponse.java:15: error: package io.swagger.v3.oas.annotations.media does not exist
import io.swagger.v3.oas.annotations.media.Schema;
                                          ^
/workspace/build/generated/sources/openapi/src/main/java/ru/tinkoff/capital/funds/api/model/IndexCharts.java:15: error: package io.swagger.v3.oas.annotations.media does not exist
import io.swagger.v3.oas.annotations.media.Schema;
                                          ^
/workspace/build/generated/sources/openapi/src/main/java/ru/tinkoff/capital/funds/api/model/IndexCharts.java:25: error: cannot find symbol
@Schema(name = "IndexCharts", description = "Данные для диаграмм по индексу")
 ^
  symbol: class Schema
/workspace/build/generated/sources/openapi/src/main/java/ru/tinkoff/capital/funds/api/model/ChartItemWithComments.java:15: error: package io.swagger.v3.oas.annotations.media does not exist
import io.swagger.v3.oas.annotations.media.Schema;
                                          ^
/workspace/build/generated/sources/openapi/src/main/java/ru/tinkoff/capital/funds/api/model/ChartItemWithComments.java:25: error: cannot find symbol
@Schema(name = "ChartItemWithComments", description = "Составляющие элементы диаграммы")
 ^
  symbol: class Schema
/workspace/build/generated/sources/openapi/src/main/java/ru/tinkoff/capital/funds/api/model/ChartItem.java:12: error: package io.swagger.v3.oas.annotations.media does not exist
import io.swagger.v3.oas.annotations.media.Schema;
                                          ^
/workspace/build/generated/sources/openapi/src/main/java/ru/tinkoff/capital/funds/api/model/ChartItem.java:22: error: cannot find symbol
@Schema(name = "ChartItem", description = "Элемент диаграммы")
 ^
  symbol: class Schema
/workspace/build/generated/sources/openapi/src/main/java/ru/tinkoff/capital/funds/api/model/GetIndexStructureResponse.java:15: error: package io.swagger.v3.oas.annotations.media does not exist
import io.swagger.v3.oas.annotations.media.Schema;
                                          ^
/workspace/build/generated/sources/openapi/src/main/java/ru/tinkoff/capital/funds/api/model/IndexStructure.java:15: error: package io.swagger.v3.oas.annotations.media does not exist
import io.swagger.v3.oas.annotations.media.Schema;
                                          ^
/workspace/build/generated/sources/openapi/src/main/java/ru/tinkoff/capital/funds/api/model/IndexStructure.java:25: error: cannot find symbol
@Schema(name = "IndexStructure", description = "Структура индекса")
 ^
  symbol: class Schema
/workspace/build/generated/sources/openapi/src/main/java/ru/tinkoff/capital/funds/api/model/Instrument.java:12: error: package io.swagger.v3.oas.annotations.media does not exist
import io.swagger.v3.oas.annotations.media.Schema;
                                          ^
/workspace/build/generated/sources/openapi/src/main/java/ru/tinkoff/capital/funds/api/model/Instrument.java:22: error: cannot find symbol
@Schema(name = "Instrument", description = "Подробное описание инструмента")
 ^
  symbol: class Schema
/workspace/build/generated/sources/openapi/src/main/java/ru/tinkoff/capital/funds/api/model/ScaleDayDefault.java:10: error: package io.swagger.v3.oas.annotations.media does not exist
import io.swagger.v3.oas.annotations.media.Schema;
                                          ^
/workspace/build/generated/sources/openapi/src/main/java/ru/tinkoff/capital/funds/api/model/ScaleMonthDefault.java:10: error: package io.swagger.v3.oas.annotations.media does not exist
import io.swagger.v3.oas.annotations.media.Schema;
                                          ^
/workspace/build/generated/sources/openapi/src/main/java/ru/tinkoff/capital/funds/api/model/Metric.java:15: error: package io.swagger.v3.oas.annotations.media does not exist
import io.swagger.v3.oas.annotations.media.Schema;
                                          ^
/workspace/build/generated/sources/openapi/src/main/java/ru/tinkoff/capital/funds/api/model/Metric.java:25: error: cannot find symbol
@Schema(name = "Metric", description = "Динамика метрики")
 ^
  symbol: class Schema
/workspace/build/generated/sources/openapi/src/main/java/ru/tinkoff/capital/funds/api/model/MetricType.java:10: error: package io.swagger.v3.oas.annotations.media does not exist
import io.swagger.v3.oas.annotations.media.Schema;
                                          ^
/workspace/build/generated/sources/openapi/src/main/java/ru/tinkoff/capital/funds/api/model/DateStringValue.java:13: error: package io.swagger.v3.oas.annotations.media does not exist
import io.swagger.v3.oas.annotations.media.Schema;
                                          ^
/workspace/build/generated/sources/openapi/src/main/java/ru/tinkoff/capital/funds/api/model/DateStringValue.java:23: error: cannot find symbol
@Schema(name = "DateStringValue", description = "Пара дата-значение")
 ^
  symbol: class Schema
/workspace/build/generated/sources/openapi/src/main/java/ru/tinkoff/capital/funds/api/model/RelativeYield.java:12: error: package io.swagger.v3.oas.annotations.media does not exist
import io.swagger.v3.oas.annotations.media.Schema;
                                          ^
/workspace/build/generated/sources/openapi/src/main/java/ru/tinkoff/capital/funds/api/model/RelativeYield.java:22: error: cannot find symbol
@Schema(name = "RelativeYield", description = "Относительные изменения")
 ^
  symbol: class Schema
/workspace/build/generated/sources/openapi/src/main/java/ru/tinkoff/capital/funds/api/model/FundWithMetrics.java:15: error: package io.swagger.v3.oas.annotations.media does not exist
import io.swagger.v3.oas.annotations.media.Schema;
                                          ^
/workspace/build/generated/sources/openapi/src/main/java/ru/tinkoff/capital/funds/api/model/FundWithMetrics.java:25: error: cannot find symbol
@Schema(name = "FundWithMetrics", description = "Информация по фонду и его метрикам")
 ^
  symbol: class Schema
/workspace/build/generated/sources/openapi/src/main/java/ru/tinkoff/capital/funds/api/model/GetPortfolioDynamicResponse.java:15: error: package io.swagger.v3.oas.annotations.media does not exist
import io.swagger.v3.oas.annotations.media.Schema;
                                          ^
/workspace/build/generated/sources/openapi/src/main/java/ru/tinkoff/capital/funds/api/model/PortfolioDynamic.java:15: error: package io.swagger.v3.oas.annotations.media does not exist
import io.swagger.v3.oas.annotations.media.Schema;
                                          ^
/workspace/build/generated/sources/openapi/src/main/java/ru/tinkoff/capital/funds/api/model/PortfolioDynamic.java:25: error: cannot find symbol
@Schema(name = "PortfolioDynamic", description = "Информация по фондам")
 ^
  symbol: class Schema
/workspace/build/generated/sources/openapi/src/main/java/ru/tinkoff/capital/funds/api/model/GetPortfolioFairPriceHistoryResponse.java:15: error: package io.swagger.v3.oas.annotations.media does not exist
import io.swagger.v3.oas.annotations.media.Schema;
                                          ^
/workspace/build/generated/sources/openapi/src/main/java/ru/tinkoff/capital/funds/api/model/PortfolioFairPriceHistory.java:15: error: package io.swagger.v3.oas.annotations.media does not exist
import io.swagger.v3.oas.annotations.media.Schema;
                                          ^
/workspace/build/generated/sources/openapi/src/main/java/ru/tinkoff/capital/funds/api/model/DateValue.java:14: error: package io.swagger.v3.oas.annotations.media does not exist
import io.swagger.v3.oas.annotations.media.Schema;
                                          ^
/workspace/build/generated/sources/openapi/src/main/java/ru/tinkoff/capital/funds/api/model/DateValue.java:24: error: cannot find symbol
@Schema(name = "DateValue", description = "Пара дата-значение")
 ^
  symbol: class Schema
/workspace/build/generated/sources/openapi/src/main/java/ru/tinkoff/capital/funds/api/model/GetPortfolioIndexHistoryResponse.java:15: error: package io.swagger.v3.oas.annotations.media does not exist
import io.swagger.v3.oas.annotations.media.Schema;
                                          ^
/workspace/build/generated/sources/openapi/src/main/java/ru/tinkoff/capital/funds/api/model/PortfolioIndexHistory.java:16: error: package io.swagger.v3.oas.annotations.media does not exist
import io.swagger.v3.oas.annotations.media.Schema;
                                          ^
/workspace/build/generated/sources/openapi/src/main/java/ru/tinkoff/capital/funds/api/model/GetPortfolioNavHistoryResponse.java:15: error: package io.swagger.v3.oas.annotations.media does not exist
import io.swagger.v3.oas.annotations.media.Schema;
                                          ^
/workspace/build/generated/sources/openapi/src/main/java/ru/tinkoff/capital/funds/api/model/PortfolioNavHistory.java:16: error: package io.swagger.v3.oas.annotations.media does not exist
import io.swagger.v3.oas.annotations.media.Schema;
                                          ^
/workspace/build/generated/sources/proto/main/grpc/ru/tinkoff/capital/instruments/InstrumentsServiceGrpc.java:7: error: cannot find symbol
@javax.annotation.Generated(
                 ^
  symbol:   class Generated
  location: package javax.annotation
/workspace/build/generated/sources/openapi/src/main/java/ru/tinkoff/capital/funds/api/model/GetPortfolioPieChartsResponse.java:15: error: package io.swagger.v3.oas.annotations.media does not exist
import io.swagger.v3.oas.annotations.media.Schema;
                                          ^
/workspace/build/generated/sources/openapi/src/main/java/ru/tinkoff/capital/funds/api/model/PortfolioCharts.java:16: error: package io.swagger.v3.oas.annotations.media does not exist
import io.swagger.v3.oas.annotations.media.Schema;
                                          ^
/workspace/build/generated/sources/openapi/src/main/java/ru/tinkoff/capital/funds/api/model/PortfolioCharts.java:26: error: cannot find symbol
@Schema(name = "PortfolioCharts", description = "Данные для диаграмм по фонду")
 ^
  symbol: class Schema
/workspace/build/generated/sources/openapi/src/main/java/ru/tinkoff/capital/funds/api/model/GetPortfolioPastPieChartsResponse.java:15: error: package io.swagger.v3.oas.annotations.media does not exist
import io.swagger.v3.oas.annotations.media.Schema;
                                          ^
/workspace/build/generated/sources/openapi/src/main/java/ru/tinkoff/capital/funds/api/model/PortfolioPastCharts.java:17: error: package io.swagger.v3.oas.annotations.media does not exist
import io.swagger.v3.oas.annotations.media.Schema;
                                          ^
/workspace/build/generated/sources/openapi/src/main/java/ru/tinkoff/capital/funds/api/model/PortfolioPastCharts.java:27: error: cannot find symbol
@Schema(name = "PortfolioPastCharts", description = "Данные для диаграмм по фонду")
 ^
  symbol: class Schema
/workspace/build/generated/sources/openapi/src/main/java/ru/tinkoff/capital/funds/api/model/PastChartItemWithComments.java:15: error: package io.swagger.v3.oas.annotations.media does not exist
import io.swagger.v3.oas.annotations.media.Schema;
                                          ^
/workspace/build/generated/sources/openapi/src/main/java/ru/tinkoff/capital/funds/api/model/PastChartItemWithComments.java:25: error: cannot find symbol
@Schema(name = "PastChartItemWithComments", description = "Составляющие элементы диаграммы")
 ^
  symbol: class Schema
/workspace/build/generated/sources/openapi/src/main/java/ru/tinkoff/capital/funds/api/model/GetPortfolioTrackingQualityResponse.java:15: error: package io.swagger.v3.oas.annotations.media does not exist
import io.swagger.v3.oas.annotations.media.Schema;
                                          ^
/workspace/build/generated/sources/openapi/src/main/java/ru/tinkoff/capital/funds/api/model/PortfolioTrackingQuality.java:15: error: package io.swagger.v3.oas.annotations.media does not exist
import io.swagger.v3.oas.annotations.media.Schema;
                                          ^
/workspace/build/generated/sources/openapi/src/main/java/ru/tinkoff/capital/funds/api/model/PortfolioTrackingQuality.java:25: error: cannot find symbol
@Schema(name = "PortfolioTrackingQuality", description = "Информация по фонду и его метрикам слежения")
 ^
  symbol: class Schema
/workspace/build/generated/sources/openapi/src/main/java/ru/tinkoff/capital/funds/api/model/FundWithTrackingMetrics.java:15: error: package io.swagger.v3.oas.annotations.media does not exist
import io.swagger.v3.oas.annotations.media.Schema;
                                          ^
/workspace/build/generated/sources/openapi/src/main/java/ru/tinkoff/capital/funds/api/model/FundWithTrackingMetrics.java:25: error: cannot find symbol
@Schema(name = "FundWithTrackingMetrics", description = "Информация по фонду и его метрикам слежения")
 ^
  symbol: class Schema
/workspace/build/generated/sources/openapi/src/main/java/ru/tinkoff/capital/funds/api/model/TrackingMetric.java:14: error: package io.swagger.v3.oas.annotations.media does not exist
import io.swagger.v3.oas.annotations.media.Schema;
                                          ^
/workspace/build/generated/sources/openapi/src/main/java/ru/tinkoff/capital/funds/api/model/TrackingMetric.java:24: error: cannot find symbol
@Schema(name = "TrackingMetric", description = "Метрика слежения")
 ^
  symbol: class Schema
/workspace/build/generated/sources/openapi/src/main/java/ru/tinkoff/capital/funds/api/model/DownloadPortfolioKidsResponse.java:15: error: package io.swagger.v3.oas.annotations.media does not exist
import io.swagger.v3.oas.annotations.media.Schema;
                                          ^
/workspace/build/generated/sources/openapi/src/main/java/ru/tinkoff/capital/funds/api/model/Kids.java:15: error: package io.swagger.v3.oas.annotations.media does not exist
import io.swagger.v3.oas.annotations.media.Schema;
                                          ^
/workspace/build/generated/sources/openapi/src/main/java/ru/tinkoff/capital/funds/api/model/Kids.java:25: error: cannot find symbol
@Schema(name = "Kids", description = "Список КИД")
 ^
  symbol: class Schema
/workspace/build/generated/sources/openapi/src/main/java/ru/tinkoff/capital/funds/api/model/Kid.java:13: error: package io.swagger.v3.oas.annotations.media does not exist
import io.swagger.v3.oas.annotations.media.Schema;
                                          ^
/workspace/build/generated/sources/openapi/src/main/java/ru/tinkoff/capital/funds/api/model/Kid.java:23: error: cannot find symbol
@Schema(name = "Kid", description = "КИД")
 ^
  symbol: class Schema
/workspace/build/generated/sources/openapi/src/main/java/ru/tinkoff/capital/funds/api/model/GetPortfolioStructureResponse.java:15: error: package io.swagger.v3.oas.annotations.media does not exist
import io.swagger.v3.oas.annotations.media.Schema;
                                          ^
/workspace/build/generated/sources/openapi/src/main/java/ru/tinkoff/capital/funds/api/model/PortfolioStructure.java:17: error: package io.swagger.v3.oas.annotations.media does not exist
import io.swagger.v3.oas.annotations.media.Schema;
                                          ^
/workspace/build/generated/sources/openapi/src/main/java/ru/tinkoff/capital/funds/api/model/PortfolioStructure.java:27: error: cannot find symbol
@Schema(name = "PortfolioStructure", description = "Состав портфеля")
 ^
  symbol: class Schema
/workspace/build/generated/sources/openapi/src/main/java/ru/tinkoff/capital/funds/api/model/ApartmentComplex.java:20: error: package io.swagger.v3.oas.annotations.media does not exist
import io.swagger.v3.oas.annotations.media.Schema;
                                          ^
/workspace/build/generated/sources/openapi/src/main/java/ru/tinkoff/capital/funds/api/model/ApartmentComplex.java:30: error: cannot find symbol
@Schema(name = "ApartmentComplex", description = "Информация о ЖК")
 ^
  symbol: class Schema
/workspace/build/generated/sources/openapi/src/main/java/ru/tinkoff/capital/funds/api/model/Coordinates.java:11: error: package io.swagger.v3.oas.annotations.media does not exist
import io.swagger.v3.oas.annotations.media.Schema;
                                          ^
/workspace/build/generated/sources/openapi/src/main/java/ru/tinkoff/capital/funds/api/model/Construction.java:11: error: package io.swagger.v3.oas.annotations.media does not exist
import io.swagger.v3.oas.annotations.media.Schema;
                                          ^
/workspace/build/generated/sources/openapi/src/main/java/ru/tinkoff/capital/funds/api/model/AdditionalField.java:14: error: package io.swagger.v3.oas.annotations.media does not exist
import io.swagger.v3.oas.annotations.media.Schema;
                                          ^
/workspace/build/generated/sources/openapi/src/main/java/ru/tinkoff/capital/funds/api/model/AdditionalField.java:24: error: cannot find symbol
@Schema(name = "AdditionalField", description = "Дополнительные поля")
 ^
  symbol: class Schema
/workspace/build/generated/sources/openapi/src/main/java/ru/tinkoff/capital/funds/api/model/NearbyObject.java:12: error: package io.swagger.v3.oas.annotations.media does not exist
import io.swagger.v3.oas.annotations.media.Schema;
                                          ^
/workspace/build/generated/sources/openapi/src/main/java/ru/tinkoff/capital/funds/api/model/NearbyObject.java:22: error: cannot find symbol
@Schema(name = "NearbyObject", description = "Объекты поблизости")
 ^
  symbol: class Schema
/workspace/build/generated/sources/openapi/src/main/java/ru/tinkoff/capital/funds/api/model/GetPortfolioPastStructureResponse.java:15: error: package io.swagger.v3.oas.annotations.media does not exist
import io.swagger.v3.oas.annotations.media.Schema;
                                          ^
/workspace/build/generated/sources/openapi/src/main/java/ru/tinkoff/capital/funds/api/model/PortfolioPastStructure.java:18: error: package io.swagger.v3.oas.annotations.media does not exist
import io.swagger.v3.oas.annotations.media.Schema;
                                          ^
/workspace/build/generated/sources/openapi/src/main/java/ru/tinkoff/capital/funds/api/model/PortfolioPastStructure.java:28: error: cannot find symbol
@Schema(name = "PortfolioPastStructure", description = "Состав портфеля")
 ^
  symbol: class Schema
/workspace/build/generated/sources/openapi/src/main/java/ru/tinkoff/capital/funds/api/model/nc/BuildTemplate.java:12: error: package io.swagger.v3.oas.annotations.media does not exist
import io.swagger.v3.oas.annotations.media.Schema;
                                          ^
/workspace/build/generated/sources/openapi/src/main/java/ru/tinkoff/capital/funds/api/model/nc/TemplateData.java:17: error: package io.swagger.v3.oas.annotations.media does not exist
import io.swagger.v3.oas.annotations.media.Schema;
                                          ^
100 errors
only showing the first 100 errors, of 882 total; use -Xmaxerrs if you would like to see more
FAILURE: Build failed with an exception.
* What went wrong:
Execution failed for task ':compileJava'.
> Compilation failed; see the compiler error output for details.
* Try:
> Run with --info or --debug option to get more log output.
> Run with --scan to get full insights.
* Exception is:
org.gradle.api.tasks.TaskExecutionException: Execution failed for task ':compileJava'.
	at org.gradle.api.internal.tasks.execution.ExecuteActionsTaskExecuter.lambda$executeIfValid$1(ExecuteActionsTaskExecuter.java:142)
	at org.gradle.internal.Try$Failure.ifSuccessfulOrElse(Try.java:282)
	at org.gradle.api.internal.tasks.execution.ExecuteActionsTaskExecuter.executeIfValid(ExecuteActionsTaskExecuter.java:140)
	at org.gradle.api.internal.tasks.execution.ExecuteActionsTaskExecuter.execute(ExecuteActionsTaskExecuter.java:128)
	at org.gradle.api.internal.tasks.execution.CleanupStaleOutputsExecuter.execute(CleanupStaleOutputsExecuter.java:77)
	at org.gradle.api.internal.tasks.execution.FinalizePropertiesTaskExecuter.execute(FinalizePropertiesTaskExecuter.java:46)
	at org.gradle.api.internal.tasks.execution.ResolveTaskExecutionModeExecuter.execute(ResolveTaskExecutionModeExecuter.java:51)
	at org.gradle.api.internal.tasks.execution.SkipTaskWithNoActionsExecuter.execute(SkipTaskWithNoActionsExecuter.java:57)
	at org.gradle.api.internal.tasks.execution.SkipOnlyIfTaskExecuter.execute(SkipOnlyIfTaskExecuter.java:57)
	at org.gradle.api.internal.tasks.execution.CatchExceptionTaskExecuter.execute(CatchExceptionTaskExecuter.java:36)
	at org.gradle.api.internal.tasks.execution.EventFiringTaskExecuter$1.executeTask(EventFiringTaskExecuter.java:77)
	at org.gradle.api.internal.tasks.execution.EventFiringTaskExecuter$1.call(EventFiringTaskExecuter.java:55)
	at org.gradle.api.internal.tasks.execution.EventFiringTaskExecuter$1.call(EventFiringTaskExecuter.java:52)
	at org.gradle.internal.operations.DefaultBuildOperationRunner$CallableBuildOperationWorker.execute(DefaultBuildOperationRunner.java:204)
	at org.gradle.internal.operations.DefaultBuildOperationRunner$CallableBuildOperationWorker.execute(DefaultBuildOperationRunner.java:199)
	at org.gradle.internal.operations.DefaultBuildOperationRunner$2.execute(DefaultBuildOperationRunner.java:66)
	at org.gradle.internal.operations.DefaultBuildOperationRunner$2.execute(DefaultBuildOperationRunner.java:59)
	at org.gradle.internal.operations.DefaultBuildOperationRunner.execute(DefaultBuildOperationRunner.java:157)
	at org.gradle.internal.operations.DefaultBuildOperationRunner.execute(DefaultBuildOperationRunner.java:59)
	at org.gradle.internal.operations.DefaultBuildOperationRunner.call(DefaultBuildOperationRunner.java:53)
	at org.gradle.internal.operations.DefaultBuildOperationExecutor.call(DefaultBuildOperationExecutor.java:73)
	at org.gradle.api.internal.tasks.execution.EventFiringTaskExecuter.execute(EventFiringTaskExecuter.java:52)
	at org.gradle.execution.plan.LocalTaskNodeExecutor.execute(LocalTaskNodeExecutor.java:69)
	at org.gradle.execution.taskgraph.DefaultTaskExecutionGraph$InvokeNodeExecutorsAction.execute(DefaultTaskExecutionGraph.java:322)
	at org.gradle.execution.taskgraph.DefaultTaskExecutionGraph$InvokeNodeExecutorsAction.execute(DefaultTaskExecutionGraph.java:309)
	at org.gradle.execution.taskgraph.DefaultTaskExecutionGraph$BuildOperationAwareExecutionAction.execute(DefaultTaskExecutionGraph.java:302)
	at org.gradle.execution.taskgraph.DefaultTaskExecutionGraph$BuildOperationAwareExecutionAction.execute(DefaultTaskExecutionGraph.java:288)
	at org.gradle.execution.plan.DefaultPlanExecutor$ExecutorWorker.execute(DefaultPlanExecutor.java:462)
	at org.gradle.execution.plan.DefaultPlanExecutor$ExecutorWorker.run(DefaultPlanExecutor.java:379)
	at org.gradle.internal.concurrent.ExecutorPolicy$CatchAndRecordFailures.onExecute(ExecutorPolicy.java:64)
	at org.gradle.internal.concurrent.ManagedExecutorImpl$1.run(ManagedExecutorImpl.java:49)
Caused by: org.gradle.api.internal.tasks.compile.CompilationFailedException: Compilation failed; see the compiler error output for details.
	at org.gradle.api.internal.tasks.compile.JdkJavaCompiler.execute(JdkJavaCompiler.java:57)
	at org.gradle.api.internal.tasks.compile.JdkJavaCompiler.execute(JdkJavaCompiler.java:39)
	at org.gradle.api.internal.tasks.compile.NormalizingJavaCompiler.delegateAndHandleErrors(NormalizingJavaCompiler.java:98)
	at org.gradle.api.internal.tasks.compile.NormalizingJavaCompiler.execute(NormalizingJavaCompiler.java:52)
	at org.gradle.api.internal.tasks.compile.NormalizingJavaCompiler.execute(NormalizingJavaCompiler.java:38)
	at org.gradle.api.internal.tasks.compile.AnnotationProcessorDiscoveringCompiler.execute(AnnotationProcessorDiscoveringCompiler.java:51)
	at org.gradle.api.internal.tasks.compile.AnnotationProcessorDiscoveringCompiler.execute(AnnotationProcessorDiscoveringCompiler.java:37)
	at org.gradle.api.internal.tasks.compile.ModuleApplicationNameWritingCompiler.execute(ModuleApplicationNameWritingCompiler.java:46)
	at org.gradle.api.internal.tasks.compile.ModuleApplicationNameWritingCompiler.execute(ModuleApplicationNameWritingCompiler.java:36)
	at org.gradle.jvm.toolchain.internal.DefaultToolchainJavaCompiler.execute(DefaultToolchainJavaCompiler.java:57)
	at org.gradle.api.tasks.compile.JavaCompile.lambda$createToolchainCompiler$1(JavaCompile.java:237)
	at org.gradle.api.internal.tasks.compile.CleaningJavaCompiler.execute(CleaningJavaCompiler.java:53)
	at org.gradle.api.internal.tasks.compile.incremental.IncrementalCompilerFactory.lambda$createRebuildAllCompiler$0(IncrementalCompilerFactory.java:52)
	at org.gradle.api.internal.tasks.compile.incremental.SelectiveCompiler.execute(SelectiveCompiler.java:70)
	at org.gradle.api.internal.tasks.compile.incremental.SelectiveCompiler.execute(SelectiveCompiler.java:44)
	at org.gradle.api.internal.tasks.compile.incremental.IncrementalResultStoringCompiler.execute(IncrementalResultStoringCompiler.java:66)
	at org.gradle.api.internal.tasks.compile.incremental.IncrementalResultStoringCompiler.execute(IncrementalResultStoringCompiler.java:52)
	at org.gradle.api.internal.tasks.compile.CompileJavaBuildOperationReportingCompiler$2.call(CompileJavaBuildOperationReportingCompiler.java:59)
	at org.gradle.api.internal.tasks.compile.CompileJavaBuildOperationReportingCompiler$2.call(CompileJavaBuildOperationReportingCompiler.java:51)
	at org.gradle.internal.operations.DefaultBuildOperationRunner$CallableBuildOperationWorker.execute(DefaultBuildOperationRunner.java:204)
	at org.gradle.internal.operations.DefaultBuildOperationRunner$CallableBuildOperationWorker.execute(DefaultBuildOperationRunner.java:199)
	at org.gradle.internal.operations.DefaultBuildOperationRunner$2.execute(DefaultBuildOperationRunner.java:66)
	at org.gradle.internal.operations.DefaultBuildOperationRunner$2.execute(DefaultBuildOperationRunner.java:59)
	at org.gradle.internal.operations.DefaultBuildOperationRunner.execute(DefaultBuildOperationRunner.java:157)
	at org.gradle.internal.operations.DefaultBuildOperationRunner.execute(DefaultBuildOperationRunner.java:59)
	at org.gradle.internal.operations.DefaultBuildOperationRunner.call(DefaultBuildOperationRunner.java:53)
	at org.gradle.internal.operations.DefaultBuildOperationExecutor.call(DefaultBuildOperationExecutor.java:73)
	at org.gradle.api.internal.tasks.compile.CompileJavaBuildOperationReportingCompiler.execute(CompileJavaBuildOperationReportingCompiler.java:51)
	at org.gradle.api.tasks.compile.JavaCompile.performCompilation(JavaCompile.java:288)
	at org.gradle.api.tasks.compile.JavaCompile.performIncrementalCompilation(JavaCompile.java:170)
	at org.gradle.api.tasks.compile.JavaCompile.compile(JavaCompile.java:148)
	at java.base/jdk.internal.reflect.NativeMethodAccessorImpl.invoke0(Native Method)
	at java.base/jdk.internal.reflect.NativeMethodAccessorImpl.invoke(NativeMethodAccessorImpl.java:77)
	at java.base/jdk.internal.reflect.DelegatingMethodAccessorImpl.invoke(DelegatingMethodAccessorImpl.java:43)
	at org.gradle.internal.reflect.JavaMethod.invoke(JavaMethod.java:125)
	at org.gradle.api.internal.project.taskfactory.IncrementalInputsTaskAction.doExecute(IncrementalInputsTaskAction.java:32)
	at org.gradle.api.internal.project.taskfactory.StandardTaskAction.execute(StandardTaskAction.java:51)
	at org.gradle.api.internal.project.taskfactory.AbstractIncrementalTaskAction.execute(AbstractIncrementalTaskAction.java:25)
	at org.gradle.api.internal.project.taskfactory.StandardTaskAction.execute(StandardTaskAction.java:29)
	at org.gradle.api.internal.tasks.execution.TaskExecution$3.run(TaskExecution.java:236)
	at org.gradle.internal.operations.DefaultBuildOperationRunner$1.execute(DefaultBuildOperationRunner.java:29)
	at org.gradle.internal.operations.DefaultBuildOperationRunner$1.execute(DefaultBuildOperationRunner.java:26)
	at org.gradle.internal.operations.DefaultBuildOperationRunner$2.execute(DefaultBuildOperationRunner.java:66)
	at org.gradle.internal.operations.DefaultBuildOperationRunner$2.execute(DefaultBuildOperationRunner.java:59)
	at org.gradle.internal.operations.DefaultBuildOperationRunner.execute(DefaultBuildOperationRunner.java:157)
	at org.gradle.internal.operations.DefaultBuildOperationRunner.execute(DefaultBuildOperationRunner.java:59)
	at org.gradle.internal.operations.DefaultBuildOperationRunner.run(DefaultBuildOperationRunner.java:47)
	at org.gradle.internal.operations.DefaultBuildOperationExecutor.run(DefaultBuildOperationExecutor.java:68)
	at org.gradle.api.internal.tasks.execution.TaskExecution.executeAction(TaskExecution.java:221)
	at org.gradle.api.internal.tasks.execution.TaskExecution.executeActions(TaskExecution.java:204)
	at org.gradle.api.internal.tasks.execution.TaskExecution.executeWithPreviousOutputFiles(TaskExecution.java:187)
	at org.gradle.api.internal.tasks.execution.TaskExecution.execute(TaskExecution.java:165)
	at org.gradle.internal.execution.steps.ExecuteStep.executeInternal(ExecuteStep.java:89)
	at org.gradle.internal.execution.steps.ExecuteStep.access$000(ExecuteStep.java:40)
	at org.gradle.internal.execution.steps.ExecuteStep$1.call(ExecuteStep.java:53)
	at org.gradle.internal.execution.steps.ExecuteStep$1.call(ExecuteStep.java:50)
	at org.gradle.internal.operations.DefaultBuildOperationRunner$CallableBuildOperationWorker.execute(DefaultBuildOperationRunner.java:204)
	at org.gradle.internal.operations.DefaultBuildOperationRunner$CallableBuildOperationWorker.execute(DefaultBuildOperationRunner.java:199)
	at org.gradle.internal.operations.DefaultBuildOperationRunner$2.execute(DefaultBuildOperationRunner.java:66)
	at org.gradle.internal.operations.DefaultBuildOperationRunner$2.execute(DefaultBuildOperationRunner.java:59)
	at org.gradle.internal.operations.DefaultBuildOperationRunner.execute(DefaultBuildOperationRunner.java:157)
	at org.gradle.internal.operations.DefaultBuildOperationRunner.execute(DefaultBuildOperationRunner.java:59)
	at org.gradle.internal.operations.DefaultBuildOperationRunner.call(DefaultBuildOperationRunner.java:53)
	at org.gradle.internal.operations.DefaultBuildOperationExecutor.call(DefaultBuildOperationExecutor.java:73)
	at org.gradle.internal.execution.steps.ExecuteStep.execute(ExecuteStep.java:50)
	at org.gradle.internal.execution.steps.ExecuteStep.execute(ExecuteStep.java:40)
	at org.gradle.internal.execution.steps.RemovePreviousOutputsStep.execute(RemovePreviousOutputsStep.java:68)
	at org.gradle.internal.execution.steps.RemovePreviousOutputsStep.execute(RemovePreviousOutputsStep.java:38)
	at org.gradle.internal.execution.steps.CancelExecutionStep.execute(CancelExecutionStep.java:41)
	at org.gradle.internal.execution.steps.TimeoutStep.executeWithoutTimeout(TimeoutStep.java:74)
	at org.gradle.internal.execution.steps.TimeoutStep.execute(TimeoutStep.java:55)
	at org.gradle.internal.execution.steps.CreateOutputsStep.execute(CreateOutputsStep.java:51)
	at org.gradle.internal.execution.steps.CreateOutputsStep.execute(CreateOutputsStep.java:29)
	at org.gradle.internal.execution.steps.CaptureStateAfterExecutionStep.executeDelegateBroadcastingChanges(CaptureStateAfterExecutionStep.java:124)
	at org.gradle.internal.execution.steps.CaptureStateAfterExecutionStep.execute(CaptureStateAfterExecutionStep.java:80)
	at org.gradle.internal.execution.steps.CaptureStateAfterExecutionStep.execute(CaptureStateAfterExecutionStep.java:58)
	at org.gradle.internal.execution.steps.ResolveInputChangesStep.execute(ResolveInputChangesStep.java:48)
	at org.gradle.internal.execution.steps.ResolveInputChangesStep.execute(ResolveInputChangesStep.java:36)
	at org.gradle.internal.execution.steps.BuildCacheStep.executeWithoutCache(BuildCacheStep.java:181)
	at org.gradle.internal.execution.steps.BuildCacheStep.executeAndStoreInCache(BuildCacheStep.java:154)
	at org.gradle.internal.execution.steps.BuildCacheStep.lambda$executeWithCache$4(BuildCacheStep.java:121)
	at org.gradle.internal.execution.steps.BuildCacheStep.lambda$executeWithCache$5(BuildCacheStep.java:121)
	at org.gradle.internal.Try$Success.map(Try.java:164)
	at org.gradle.internal.execution.steps.BuildCacheStep.executeWithCache(BuildCacheStep.java:81)
	at org.gradle.internal.execution.steps.BuildCacheStep.lambda$execute$0(BuildCacheStep.java:70)
	at org.gradle.internal.Either$Left.fold(Either.java:115)
	at org.gradle.internal.execution.caching.CachingState.fold(CachingState.java:59)
	at org.gradle.internal.execution.steps.BuildCacheStep.execute(BuildCacheStep.java:69)
	at org.gradle.internal.execution.steps.BuildCacheStep.execute(BuildCacheStep.java:47)
	at org.gradle.internal.execution.steps.StoreExecutionStateStep.execute(StoreExecutionStateStep.java:36)
	at org.gradle.internal.execution.steps.StoreExecutionStateStep.execute(StoreExecutionStateStep.java:25)
	at org.gradle.internal.execution.steps.RecordOutputsStep.execute(RecordOutputsStep.java:36)
	at org.gradle.internal.execution.steps.RecordOutputsStep.execute(RecordOutputsStep.java:22)
	at org.gradle.internal.execution.steps.SkipUpToDateStep.executeBecause(SkipUpToDateStep.java:110)
	at org.gradle.internal.execution.steps.SkipUpToDateStep.lambda$execute$2(SkipUpToDateStep.java:56)
	at org.gradle.internal.execution.steps.SkipUpToDateStep.execute(SkipUpToDateStep.java:56)
	at org.gradle.internal.execution.steps.SkipUpToDateStep.execute(SkipUpToDateStep.java:38)
	at org.gradle.internal.execution.steps.ResolveChangesStep.execute(ResolveChangesStep.java:73)
	at org.gradle.internal.execution.steps.ResolveChangesStep.execute(ResolveChangesStep.java:44)
	at org.gradle.internal.execution.steps.legacy.MarkSnapshottingInputsFinishedStep.execute(MarkSnapshottingInputsFinishedStep.java:37)
	at org.gradle.internal.execution.steps.legacy.MarkSnapshottingInputsFinishedStep.execute(MarkSnapshottingInputsFinishedStep.java:27)
	at org.gradle.internal.execution.steps.ResolveCachingStateStep.execute(ResolveCachingStateStep.java:89)
	at org.gradle.internal.execution.steps.ResolveCachingStateStep.execute(ResolveCachingStateStep.java:50)
	at org.gradle.internal.execution.steps.ValidateStep.execute(ValidateStep.java:102)
	at org.gradle.internal.execution.steps.ValidateStep.execute(ValidateStep.java:57)
	at org.gradle.internal.execution.steps.CaptureStateBeforeExecutionStep.execute(CaptureStateBeforeExecutionStep.java:76)
	at org.gradle.internal.execution.steps.CaptureStateBeforeExecutionStep.execute(CaptureStateBeforeExecutionStep.java:50)
	at org.gradle.internal.execution.steps.SkipEmptyWorkStep.executeWithNoEmptySources(SkipEmptyWorkStep.java:254)
	at org.gradle.internal.execution.steps.SkipEmptyWorkStep.executeWithNoEmptySources(SkipEmptyWorkStep.java:209)
	at org.gradle.internal.execution.steps.SkipEmptyWorkStep.execute(SkipEmptyWorkStep.java:88)
	at org.gradle.internal.execution.steps.SkipEmptyWorkStep.execute(SkipEmptyWorkStep.java:56)
	at org.gradle.internal.execution.steps.RemoveUntrackedExecutionStateStep.execute(RemoveUntrackedExecutionStateStep.java:32)
	at org.gradle.internal.execution.steps.RemoveUntrackedExecutionStateStep.execute(RemoveUntrackedExecutionStateStep.java:21)
	at org.gradle.internal.execution.steps.legacy.MarkSnapshottingInputsStartedStep.execute(MarkSnapshottingInputsStartedStep.java:38)
	at org.gradle.internal.execution.steps.LoadPreviousExecutionStateStep.execute(LoadPreviousExecutionStateStep.java:43)
	at org.gradle.internal.execution.steps.LoadPreviousExecutionStateStep.execute(LoadPreviousExecutionStateStep.java:31)
	at org.gradle.internal.execution.steps.AssignWorkspaceStep.lambda$execute$0(AssignWorkspaceStep.java:40)
	at org.gradle.api.internal.tasks.execution.TaskExecution$4.withWorkspace(TaskExecution.java:281)
	at org.gradle.internal.execution.steps.AssignWorkspaceStep.execute(AssignWorkspaceStep.java:40)
	at org.gradle.internal.execution.steps.AssignWorkspaceStep.execute(AssignWorkspaceStep.java:30)
	at org.gradle.internal.execution.steps.IdentityCacheStep.execute(IdentityCacheStep.java:37)
	at org.gradle.internal.execution.steps.IdentityCacheStep.execute(IdentityCacheStep.java:27)
	at org.gradle.internal.execution.steps.IdentifyStep.execute(IdentifyStep.java:44)
	at org.gradle.internal.execution.steps.IdentifyStep.execute(IdentifyStep.java:33)
	at org.gradle.internal.execution.impl.DefaultExecutionEngine$1.execute(DefaultExecutionEngine.java:76)
	at org.gradle.api.internal.tasks.execution.ExecuteActionsTaskExecuter.executeIfValid(ExecuteActionsTaskExecuter.java:139)
	at org.gradle.api.internal.tasks.execution.ExecuteActionsTaskExecuter.execute(ExecuteActionsTaskExecuter.java:128)
	at org.gradle.api.internal.tasks.execution.CleanupStaleOutputsExecuter.execute(CleanupStaleOutputsExecuter.java:77)
	at org.gradle.api.internal.tasks.execution.FinalizePropertiesTaskExecuter.execute(FinalizePropertiesTaskExecuter.java:46)
	at org.gradle.api.internal.tasks.execution.ResolveTaskExecutionModeExecuter.execute(ResolveTaskExecutionModeExecuter.java:51)
	at org.gradle.api.internal.tasks.execution.SkipTaskWithNoActionsExecuter.execute(SkipTaskWithNoActionsExecuter.java:57)
	at org.gradle.api.internal.tasks.execution.SkipOnlyIfTaskExecuter.execute(SkipOnlyIfTaskExecuter.java:57)
	at org.gradle.api.internal.tasks.execution.CatchExceptionTaskExecuter.execute(CatchExceptionTaskExecuter.java:36)
	at org.gradle.api.internal.tasks.execution.EventFiringTaskExecuter$1.executeTask(EventFiringTaskExecuter.java:77)
	at org.gradle.api.internal.tasks.execution.EventFiringTaskExecuter$1.call(EventFiringTaskExecuter.java:55)
	at org.gradle.api.internal.tasks.execution.EventFiringTaskExecuter$1.call(EventFiringTaskExecuter.java:52)
	at org.gradle.internal.operations.DefaultBuildOperationRunner$CallableBuildOperationWorker.execute(DefaultBuildOperationRunner.java:204)
	at org.gradle.internal.operations.DefaultBuildOperationRunner$CallableBuildOperationWorker.execute(DefaultBuildOperationRunner.java:199)
	at org.gradle.internal.operations.DefaultBuildOperationRunner$2.execute(DefaultBuildOperationRunner.java:66)
	at org.gradle.internal.operations.DefaultBuildOperationRunner$2.execute(DefaultBuildOperationRunner.java:59)
	at org.gradle.internal.operations.DefaultBuildOperationRunner.execute(DefaultBuildOperationRunner.java:157)
	at org.gradle.internal.operations.DefaultBuildOperationRunner.execute(DefaultBuildOperationRunner.java:59)
	at org.gradle.internal.operations.DefaultBuildOperationRunner.call(DefaultBuildOperationRunner.java:53)
	at org.gradle.internal.operations.DefaultBuildOperationExecutor.call(DefaultBuildOperationExecutor.java:73)
	at org.gradle.api.internal.tasks.execution.EventFiringTaskExecuter.execute(EventFiringTaskExecuter.java:52)
	at org.gradle.execution.plan.LocalTaskNodeExecutor.execute(LocalTaskNodeExecutor.java:69)
	at org.gradle.execution.taskgraph.DefaultTaskExecutionGraph$InvokeNodeExecutorsAction.execute(DefaultTaskExecutionGraph.java:322)
	at org.gradle.execution.taskgraph.DefaultTaskExecutionGraph$InvokeNodeExecutorsAction.execute(DefaultTaskExecutionGraph.java:309)
	at org.gradle.execution.taskgraph.DefaultTaskExecutionGraph$BuildOperationAwareExecutionAction.execute(DefaultTaskExecutionGraph.java:302)
	at org.gradle.execution.taskgraph.DefaultTaskExecutionGraph$BuildOperationAwareExecutionAction.execute(DefaultTaskExecutionGraph.java:288)
	at org.gradle.execution.plan.DefaultPlanExecutor$ExecutorWorker.execute(DefaultPlanExecutor.java:462)
	at org.gradle.execution.plan.DefaultPlanExecutor$ExecutorWorker.run(DefaultPlanExecutor.java:379)
	at org.gradle.internal.concurrent.ExecutorPolicy$CatchAndRecordFailures.onExecute(ExecutorPolicy.java:64)
	at org.gradle.internal.concurrent.ManagedExecutorImpl$1.run(ManagedExecutorImpl.java:49)
* Get more help at https://help.gradle.org
BUILD FAILED in 1m 58s
Retention: retained cid=
