Picked up JAVA_TOOL_OPTIONS: -XX:MaxRAMPercentage=90.0 -XX:InitialRAMPercentage=90.0 -Daether.connector.connectTimeout=10000 -Daether.connector.requestTimeout=120000
################################################################################
# Thanks for using OpenAPI Generator.                                          #
# Please consider donation to help us maintain this project 🙏                 #
# https://opencollective.com/openapi_generator/donate                          #
################################################################################
Successfully generated code to /workspace/build/generated/sources/openapi
/workspace/src/main/java/ru/tinkoff/capital/funds/api/logic/index/getindex/GetIndexOperation.java:63: error: cannot find symbol
                                            .subscriberContext(context)
                                            ^
  symbol:   method subscriberContext(Context)
  location: class Mono<Void>
/workspace/src/main/java/ru/tinkoff/capital/funds/api/builder/operation/index/GetIndexResponseBuilder.java:32: error: incompatible types: ru.tinkoff.capital.funds.api.model.GetIndexStructureResponse.StatusEnum cannot be converted to ru.tinkoff.capital.funds.api.model.GetIndexResponse.StatusEnum
                .status(GetIndexStructureResponse.StatusEnum.OK)
                                                            ^
/workspace/src/main/java/ru/tinkoff/capital/funds/api/service/client/redis/RedisUtils.java:32: error: cannot find symbol
        return Mono.subscriberContext()
                   ^
  symbol:   method subscriberContext()
  location: class Mono
/workspace/src/main/java/ru/tinkoff/capital/funds/api/service/client/redis/RedisUtils.java:45: error: cannot find symbol
        return Mono.subscriberContext()
                   ^
  symbol:   method subscriberContext()
  location: class Mono
/workspace/src/main/java/ru/tinkoff/capital/funds/api/service/client/redis/RedisUtils.java:59: error: cannot find symbol
        return Mono.subscriberContext()
                   ^
  symbol:   method subscriberContext()
  location: class Mono
/workspace/src/main/java/ru/tinkoff/capital/funds/api/service/client/redis/RedisUtils.java:73: error: cannot find symbol
        return Mono.subscriberContext()
                   ^
  symbol:   method subscriberContext()
  location: class Mono
/workspace/src/main/java/ru/tinkoff/capital/funds/api/helper/DbLoggerHelper.java:66: error: cannot find symbol
            DbLoggerHelper.withQueryId(signal.getContext(), () -> log.error(point + ".thrown " + signal.getThrowable().getMessage(), signal.getThrowable()));
                                             ^
  symbol:   method getContext()
  location: variable signal of type Signal<?>
/workspace/src/main/java/ru/tinkoff/capital/funds/api/helper/DbHelper.java:49: error: cannot find symbol
                .subscriberContext(Context.of(MdcKey.QUERY_ID, UUID.randomUUID().toString()));
                ^
  symbol:   method subscriberContext(Context)
  location: class Flux<T>
  where T is a type-variable:
    T extends Object declared in method <T>executeQueryForFlux(Logger,String,JDBCPool,String,Tuple,Function<Row,T>)
/workspace/src/main/java/ru/tinkoff/capital/funds/api/helper/DbHelper.java:59: error: cannot find symbol
                .subscriberContext(Context.of(MdcKey.QUERY_ID, UUID.randomUUID().toString()));
                ^
  symbol:   method subscriberContext(Context)
  location: class Flux<T>
  where T is a type-variable:
    T extends Object declared in method <T>executeQueryForFlux(Logger,String,SqlClient,String,Tuple,Function<Row,T>)
/workspace/src/main/java/ru/tinkoff/capital/funds/api/helper/DbHelper.java:76: error: cannot find symbol
                .subscriberContext(Context.of(MdcKey.QUERY_ID, UUID.randomUUID().toString()));
                ^
  symbol:   method subscriberContext(Context)
  location: class Flux<T>
  where T is a type-variable:
    T extends Object declared in method <T>executeQueryForFlux(Logger,String,JDBCPool,String,Function<Row,T>)
/workspace/src/main/java/ru/tinkoff/capital/funds/api/helper/DbHelper.java:93: error: cannot find symbol
                .subscriberContext(Context.of(MdcKey.QUERY_ID, UUID.randomUUID().toString()));
                ^
  symbol:   method subscriberContext(Context)
  location: class Mono<T>
  where T is a type-variable:
    T extends Object declared in method <T>executeQueryForMono(Logger,String,JDBCPool,String,Tuple,Function<Row,T>)
/workspace/src/main/java/ru/tinkoff/capital/funds/api/helper/DbHelper.java:109: error: cannot find symbol
                .subscriberContext(Context.of(MdcKey.QUERY_ID, UUID.randomUUID().toString()));
                ^
  symbol:   method subscriberContext(Context)
  location: class Mono<T>
  where T is a type-variable:
    T extends Object declared in method <T>executeQueryForMono(Logger,String,JDBCPool,String,Function<Row,T>)
/workspace/src/main/java/ru/tinkoff/capital/funds/api/helper/DbHelper.java:120: error: cannot find symbol
                .subscriberContext(Context.of(MdcKey.QUERY_ID, UUID.randomUUID().toString()));
                ^
  symbol:   method subscriberContext(Context)
  location: class Mono<Void>
/workspace/src/main/java/ru/tinkoff/capital/funds/api/helper/DbHelper.java:136: error: cannot find symbol
                .subscriberContext(Context.of(MdcKey.QUERY_ID, UUID.randomUUID().toString()));
                ^
  symbol:   method subscriberContext(Context)
  location: class Mono<Void>
/workspace/src/main/java/ru/tinkoff/capital/funds/api/service/client/s3/AmazonS3Client.java:23: error: cannot find symbol
        return Mono.subscriberContext()
                   ^
  symbol:   method subscriberContext()
  location: class Mono
/workspace/src/main/java/ru/tinkoff/capital/funds/api/service/client/s3/AmazonS3Client.java:31: error: cannot find symbol
        return Mono.subscriberContext()
                   ^
  symbol:   method subscriberContext()
  location: class Mono
/workspace/src/main/java/ru/tinkoff/capital/funds/api/service/client/s3/AmazonS3Client.java:39: error: cannot find symbol
        return Mono.subscriberContext()
                   ^
  symbol:   method subscriberContext()
  location: class Mono
/workspace/src/main/java/ru/tinkoff/capital/funds/api/logic/index/calculationbase/GetIndexCalculationBaseDownloadOperation.java:66: error: cannot find symbol
                    .subscriberContext(context)
                    ^
  symbol:   method subscriberContext(Context)
  location: class Flux<Object>
/workspace/src/main/java/ru/tinkoff/capital/funds/api/builder/operation/index/GetIndexCalculationBaseDownloadBuilder.java:24: error: incompatible types: ru.tinkoff.capital.funds.api.model.AbstractResponse.StatusEnum cannot be converted to ru.tinkoff.capital.funds.api.model.DownloadCalculationBaseResponse.StatusEnum
                .status(AbstractResponse.StatusEnum.OK)
                                                   ^
/workspace/src/main/java/ru/tinkoff/capital/funds/api/builder/operation/index/GetIndexCalculationBaseDownloadBuilder.java:56: error: incompatible types: ru.tinkoff.capital.funds.api.model.AbstractResponse.StatusEnum cannot be converted to ru.tinkoff.capital.funds.api.model.DownloadCalculationBaseResponse.StatusEnum
                .status(AbstractResponse.StatusEnum.OK)
                                                   ^
/workspace/src/main/java/ru/tinkoff/capital/funds/api/logic/index/getindexes/GetIndexesOperation.java:47: error: cannot find symbol
                                        .subscriberContext(context)
                                        ^
  symbol:   method subscriberContext(Context)
  location: class Mono<Void>
/workspace/src/main/java/ru/tinkoff/capital/funds/api/logic/index/history/download/GetIndexHistoryDownloadOperation.java:45: error: cannot find symbol
                                        .subscriberContext(context)
                                        ^
  symbol:   method subscriberContext(Context)
  location: class Mono<Void>
/workspace/src/main/java/ru/tinkoff/capital/funds/api/builder/operation/index/GetIndexHistoryDownloadResponseBuilder.java:21: error: incompatible types: ru.tinkoff.capital.funds.api.model.AbstractResponse.StatusEnum cannot be converted to ru.tinkoff.capital.funds.api.model.DownloadIndexHistoryResponse.StatusEnum
                .status(AbstractResponse.StatusEnum.OK)
                                                   ^
/workspace/src/main/java/ru/tinkoff/capital/funds/api/logic/index/history/download/AddDataToIndexHistoryDownloadOperation.java:39: error: cannot find symbol
                                            .subscriberContext(context)
                                            ^
  symbol:   method subscriberContext(Context)
  location: class Mono<Void>
/workspace/src/main/java/ru/tinkoff/capital/funds/api/logic/index/history/GetIndexHistoryOperation.java:54: error: cannot find symbol
                                        .subscriberContext(context)
                                        ^
  symbol:   method subscriberContext(Context)
  location: class Mono<Void>
/workspace/src/main/java/ru/tinkoff/capital/funds/api/builder/operation/index/GetIndexHistoryResponseBuilder.java:32: error: incompatible types: ru.tinkoff.capital.funds.api.model.GetIndexStructureResponse.StatusEnum cannot be converted to ru.tinkoff.capital.funds.api.model.GetIndexHistoryResponse.StatusEnum
                .status(GetIndexStructureResponse.StatusEnum.OK)
                                                            ^
/workspace/src/main/java/ru/tinkoff/capital/funds/api/logic/index/piecharts/GetIndexPieChartsOperation.java:65: error: cannot find symbol
                                .subscriberContext(context)
                                ^
  symbol:   method subscriberContext(Context)
  location: class Mono<Void>
/workspace/src/main/java/ru/tinkoff/capital/funds/api/builder/operation/index/GetIndexPieChartsResponseBuilder.java:26: error: incompatible types: ru.tinkoff.capital.funds.api.model.GetIndexStructureResponse.StatusEnum cannot be converted to ru.tinkoff.capital.funds.api.model.GetIndexPieChartsResponse.StatusEnum
                .status(GetIndexStructureResponse.StatusEnum.OK)
                                                            ^
/workspace/src/main/java/ru/tinkoff/capital/funds/api/logic/index/strucure/GetIndexStructureOperation.java:53: error: cannot find symbol
                                                    .subscriberContext(context)
                                                    ^
  symbol:   method subscriberContext(Context)
  location: class Mono<Void>
/workspace/src/main/java/ru/tinkoff/capital/funds/api/logic/portfolio/dynamic/GetPortfolioDynamicOperation.java:47: error: cannot find symbol
                                                    .subscriberContext(context)
                                                    ^
  symbol:   method subscriberContext(Context)
  location: class Mono<Void>
/workspace/src/main/java/ru/tinkoff/capital/funds/api/builder/operation/portfolio/GetPortfolioDynamicResponseBuilder.java:32: error: incompatible types: ru.tinkoff.capital.funds.api.model.AbstractResponse.StatusEnum cannot be converted to ru.tinkoff.capital.funds.api.model.GetPortfolioDynamicResponse.StatusEnum
                .status(AbstractResponse.StatusEnum.OK)
                                                   ^
/workspace/src/main/java/ru/tinkoff/capital/funds/api/builder/operation/portfolio/GetPortfolioDynamicResponseBuilder.java:77: error: incompatible types: ru.tinkoff.capital.funds.api.model.AbstractResponse.StatusEnum cannot be converted to ru.tinkoff.capital.funds.api.model.GetPortfolioDynamicResponse.StatusEnum
                .status(AbstractResponse.StatusEnum.OK)
                                                   ^
/workspace/src/main/java/ru/tinkoff/capital/funds/api/builder/operation/portfolio/GetPortfolioFairPriceHistoryResponseBuilder.java:22: error: incompatible types: ru.tinkoff.capital.funds.api.model.GetPortfolioNavHistoryResponse.StatusEnum cannot be converted to ru.tinkoff.capital.funds.api.model.GetPortfolioFairPriceHistoryResponse.StatusEnum
                .status(GetPortfolioNavHistoryResponse.StatusEnum.OK)
                                                                 ^
/workspace/src/main/java/ru/tinkoff/capital/funds/api/service/aggregator/HistoryIndexAndBenchmarkUploader.java:64: error: cannot find symbol
                        .subscriberContext(parentContext)
                        ^
  symbol:   method subscriberContext(Context)
  location: class Flux<Void>
/workspace/src/main/java/ru/tinkoff/capital/funds/api/logic/portfolio/history/index/GetPortfolioHistoryIndexOperation.java:124: error: cannot find symbol
                                .subscriberContext(context)
                                ^
  symbol:   method subscriberContext(Context)
  location: class Mono<Void>
/workspace/src/main/java/ru/tinkoff/capital/funds/api/logic/portfolio/history/index/GetPortfolioHistoryIndexOperation.java:133: error: cannot find symbol
                                .subscriberContext(context)
                                ^
  symbol:   method subscriberContext(Context)
  location: class Mono<Void>
/workspace/src/main/java/ru/tinkoff/capital/funds/api/logic/portfolio/history/index/GetPortfolioHistoryIndexOperation.java:136: error: cannot find symbol
                    .subscriberContext(context)
                    ^
  symbol:   method subscriberContext(Context)
  location: class Mono<FundRow>
/workspace/src/main/java/ru/tinkoff/capital/funds/api/service/client/grpc/InstrumentsGrpcClient.java:29: error: cannot find symbol
        return Mono.subscriberContext()
                   ^
  symbol:   method subscriberContext()
  location: class Mono
/workspace/src/main/java/ru/tinkoff/capital/funds/api/builder/operation/portfolio/GetPortfolioPieChartsResponseBuilder.java:50: error: incompatible types: ru.tinkoff.capital.funds.api.model.GetPortfolioPieChartsResponse.StatusEnum cannot be converted to ru.tinkoff.capital.funds.api.model.GetPortfolioPastPieChartsResponse.StatusEnum
                .status(GetPortfolioPieChartsResponse.StatusEnum.OK)
                                                                ^
/workspace/src/main/java/ru/tinkoff/capital/funds/api/builder/operation/portfolio/GetPortfolioTrackingQualityResponseBuilder.java:18: error: incompatible types: ru.tinkoff.capital.funds.api.model.AbstractResponse.StatusEnum cannot be converted to ru.tinkoff.capital.funds.api.model.GetPortfolioTrackingQualityResponse.StatusEnum
                .status(AbstractResponse.StatusEnum.OK)
                                                   ^
/workspace/src/main/java/ru/tinkoff/capital/funds/api/logic/portfolio/kids/GetPortfolioKidsOperation.java:62: error: cannot find symbol
                    .subscriberContext(context)
                    ^
  symbol:   method subscriberContext(Context)
  location: class Flux<Object>
/workspace/src/main/java/ru/tinkoff/capital/funds/api/builder/operation/portfolio/DownloadPortfolioKidsResponseBuilder.java:24: error: incompatible types: ru.tinkoff.capital.funds.api.model.AbstractResponse.StatusEnum cannot be converted to ru.tinkoff.capital.funds.api.model.DownloadPortfolioKidsResponse.StatusEnum
                .status(AbstractResponse.StatusEnum.OK)
                                                   ^
/workspace/src/main/java/ru/tinkoff/capital/funds/api/builder/operation/portfolio/DownloadPortfolioKidsResponseBuilder.java:51: error: incompatible types: ru.tinkoff.capital.funds.api.model.AbstractResponse.StatusEnum cannot be converted to ru.tinkoff.capital.funds.api.model.DownloadPortfolioKidsResponse.StatusEnum
                .status(AbstractResponse.StatusEnum.OK)
                                                   ^
/workspace/src/main/java/ru/tinkoff/capital/funds/api/builder/operation/portfolio/GetPortfolioStructureResponseBuilder.java:86: error: incompatible types: ru.tinkoff.capital.funds.api.model.GetPortfolioStructureResponse.StatusEnum cannot be converted to ru.tinkoff.capital.funds.api.model.GetPortfolioPastStructureResponse.StatusEnum
                .status(GetPortfolioStructureResponse.StatusEnum.OK)
                                                                ^
/workspace/src/main/java/ru/tinkoff/capital/funds/api/logic/portfolio/info/GetPortfolioInfoOperation.java:48: error: cannot find symbol
                                                        .subscriberContext(context)
                                                        ^
  symbol:   method subscriberContext(Context)
  location: class Flux<Void>
/workspace/src/main/java/ru/tinkoff/capital/funds/api/logic/portfolio/yields/GetPortfolioYieldsOperation.java:43: error: cannot find symbol
                                                        .subscriberContext(context)
                                                        ^
  symbol:   method subscriberContext(Context)
  location: class Flux<Void>
/workspace/src/main/java/ru/tinkoff/capital/funds/api/builder/operation/portfolio/GetPortfolioInavResponseBuilder.java:20: error: incompatible types: ru.tinkoff.capital.funds.api.model.AbstractResponse.StatusEnum cannot be converted to ru.tinkoff.capital.funds.api.model.GetPortfolioInavResponse.StatusEnum
                .status(AbstractResponse.StatusEnum.OK)
                                                   ^
/workspace/src/main/java/ru/tinkoff/capital/funds/api/service/kafka/StpKafkaSender.java:17: error: incompatible types: CompletableFuture<SendResult<Long,SpecificRecord>> cannot be converted to ListenableFuture<SendResult<Long,SpecificRecord>>
        return stpLongKafkaTemplate.send(topic,key, record);
                                        ^
/workspace/src/main/java/ru/tinkoff/capital/funds/api/service/kafka/StpKafkaSender.java:21: error: incompatible types: inference variable T has incompatible bounds
        return stpLongKafkaTemplate.executeInTransaction(template -> template.send(topic, record));
                                                        ^
    lower bounds: ListenableFuture<SendResult<Long,SpecificRecord>>,Object
    lower bounds: CompletableFuture<SendResult<Long,SpecificRecord>>
  where T,K,V are type-variables:
    T extends Object declared in method <T>executeInTransaction(OperationsCallback<K,V,T>)
    K extends Object declared in class KafkaTemplate
    V extends Object declared in class KafkaTemplate
/workspace/src/main/java/ru/tinkoff/capital/funds/api/service/kafka/StpKafkaSender.java:25: error: incompatible types: inference variable T has incompatible bounds
        return stpLongKafkaTemplate.executeInTransaction(template -> template.send(topic, key, record));
                                                        ^
    lower bounds: ListenableFuture<SendResult<Long,SpecificRecord>>,Object
    lower bounds: CompletableFuture<SendResult<Long,SpecificRecord>>
  where T,K,V are type-variables:
    T extends Object declared in method <T>executeInTransaction(OperationsCallback<K,V,T>)
    K extends Object declared in class KafkaTemplate
    V extends Object declared in class KafkaTemplate
/workspace/src/main/java/ru/tinkoff/capital/funds/api/controller/PortfolioController.java:82: error: cannot find symbol
        return Mono.subscriberContext()
                   ^
  symbol:   method subscriberContext()
  location: class Mono
/workspace/src/main/java/ru/tinkoff/capital/funds/api/controller/PortfolioController.java:112: error: cannot find symbol
        return Mono.subscriberContext()
                   ^
  symbol:   method subscriberContext()
  location: class Mono
/workspace/src/main/java/ru/tinkoff/capital/funds/api/controller/PortfolioController.java:162: error: cannot find symbol
        return Mono.subscriberContext()
                   ^
  symbol:   method subscriberContext()
  location: class Mono
/workspace/src/main/java/ru/tinkoff/capital/funds/api/controller/PortfolioController.java:187: error: cannot find symbol
        return Mono.subscriberContext()
                   ^
  symbol:   method subscriberContext()
  location: class Mono
/workspace/src/main/java/ru/tinkoff/capital/funds/api/controller/PortfolioController.java:194: error: cannot find symbol
        return Mono.subscriberContext()
                   ^
  symbol:   method subscriberContext()
  location: class Mono
/workspace/src/main/java/ru/tinkoff/capital/funds/api/controller/PortfolioController.java:200: error: cannot find symbol
        return Mono.subscriberContext()
                   ^
  symbol:   method subscriberContext()
  location: class Mono
/workspace/src/main/java/ru/tinkoff/capital/funds/api/controller/PortfolioController.java:209: error: cannot find symbol
        return Mono.subscriberContext()
                   ^
  symbol:   method subscriberContext()
  location: class Mono
/workspace/src/main/java/ru/tinkoff/capital/funds/api/controller/IndexesController.java:46: error: cannot find symbol
        return Mono.subscriberContext()
                   ^
  symbol:   method subscriberContext()
  location: class Mono
/workspace/src/main/java/ru/tinkoff/capital/funds/api/controller/IndexesController.java:54: error: cannot find symbol
        return Mono.subscriberContext()
                   ^
  symbol:   method subscriberContext()
  location: class Mono
/workspace/src/main/java/ru/tinkoff/capital/funds/api/controller/IndexesController.java:61: error: cannot find symbol
        return Mono.subscriberContext()
                   ^
  symbol:   method subscriberContext()
  location: class Mono
/workspace/src/main/java/ru/tinkoff/capital/funds/api/controller/IndexesController.java:70: error: cannot find symbol
        return Mono.subscriberContext()
                   ^
  symbol:   method subscriberContext()
  location: class Mono
/workspace/src/main/java/ru/tinkoff/capital/funds/api/controller/IndexesController.java:77: error: cannot find symbol
        return Mono.subscriberContext()
                   ^
  symbol:   method subscriberContext()
  location: class Mono
/workspace/src/main/java/ru/tinkoff/capital/funds/api/controller/IndexesController.java:84: error: cannot find symbol
        return Mono.subscriberContext()
                   ^
  symbol:   method subscriberContext()
  location: class Mono
/workspace/src/main/java/ru/tinkoff/capital/funds/api/controller/IndexesController.java:91: error: cannot find symbol
        return Mono.subscriberContext()
                   ^
  symbol:   method subscriberContext()
  location: class Mono
/workspace/src/main/java/ru/tinkoff/capital/funds/api/configuration/ServerExceptionHandlerConfiguration.java:62: error: cannot find symbol
                        .subscriberContext(context);
                        ^
  symbol:   method subscriberContext(Context)
  location: class Mono<Void>
/workspace/src/main/java/ru/tinkoff/capital/funds/api/configuration/filter/ApplicationContextFilter.java:30: error: cannot find symbol
                .subscriberContext(context -> {
                ^
  symbol:   method subscriberContext((context)-[...]xt; })
  location: class Mono<Void>
/workspace/src/main/java/ru/tinkoff/capital/funds/api/helper/OperationHelper.java:21: error: cannot find symbol
        return Mono.subscriberContext()
                   ^
  symbol:   method subscriberContext()
  location: class Mono
Note: Some input files use or override a deprecated API.
Note: Recompile with -Xlint:deprecation for details.
Note: Some input files use unchecked or unsafe operations.
Note: Recompile with -Xlint:unchecked for details.
Note: Some messages have been simplified; recompile with -Xdiags:verbose to get full output
67 errors
FAILURE: Build failed with an exception.
* What went wrong:
Execution failed for task ':compileJava'.
> Compilation failed; see the compiler error output for details.
* Try:
> Run with --info or --debug option to get more log output.
> Run with --scan to get full insights.
* Exception is:
org.gradle.api.tasks.TaskExecutionException: Execution failed for task ':compileJava'.
	at org.gradle.api.internal.tasks.execution.ExecuteActionsTaskExecuter.lambda$executeIfValid$1(ExecuteActionsTaskExecuter.java:142)
	at org.gradle.internal.Try$Failure.ifSuccessfulOrElse(Try.java:282)
	at org.gradle.api.internal.tasks.execution.ExecuteActionsTaskExecuter.executeIfValid(ExecuteActionsTaskExecuter.java:140)
	at org.gradle.api.internal.tasks.execution.ExecuteActionsTaskExecuter.execute(ExecuteActionsTaskExecuter.java:128)
	at org.gradle.api.internal.tasks.execution.CleanupStaleOutputsExecuter.execute(CleanupStaleOutputsExecuter.java:77)
	at org.gradle.api.internal.tasks.execution.FinalizePropertiesTaskExecuter.execute(FinalizePropertiesTaskExecuter.java:46)
	at org.gradle.api.internal.tasks.execution.ResolveTaskExecutionModeExecuter.execute(ResolveTaskExecutionModeExecuter.java:51)
	at org.gradle.api.internal.tasks.execution.SkipTaskWithNoActionsExecuter.execute(SkipTaskWithNoActionsExecuter.java:57)
	at org.gradle.api.internal.tasks.execution.SkipOnlyIfTaskExecuter.execute(SkipOnlyIfTaskExecuter.java:57)
	at org.gradle.api.internal.tasks.execution.CatchExceptionTaskExecuter.execute(CatchExceptionTaskExecuter.java:36)
	at org.gradle.api.internal.tasks.execution.EventFiringTaskExecuter$1.executeTask(EventFiringTaskExecuter.java:77)
	at org.gradle.api.internal.tasks.execution.EventFiringTaskExecuter$1.call(EventFiringTaskExecuter.java:55)
	at org.gradle.api.internal.tasks.execution.EventFiringTaskExecuter$1.call(EventFiringTaskExecuter.java:52)
	at org.gradle.internal.operations.DefaultBuildOperationRunner$CallableBuildOperationWorker.execute(DefaultBuildOperationRunner.java:204)
	at org.gradle.internal.operations.DefaultBuildOperationRunner$CallableBuildOperationWorker.execute(DefaultBuildOperationRunner.java:199)
	at org.gradle.internal.operations.DefaultBuildOperationRunner$2.execute(DefaultBuildOperationRunner.java:66)
	at org.gradle.internal.operations.DefaultBuildOperationRunner$2.execute(DefaultBuildOperationRunner.java:59)
	at org.gradle.internal.operations.DefaultBuildOperationRunner.execute(DefaultBuildOperationRunner.java:157)
	at org.gradle.internal.operations.DefaultBuildOperationRunner.execute(DefaultBuildOperationRunner.java:59)
	at org.gradle.internal.operations.DefaultBuildOperationRunner.call(DefaultBuildOperationRunner.java:53)
	at org.gradle.internal.operations.DefaultBuildOperationExecutor.call(DefaultBuildOperationExecutor.java:73)
	at org.gradle.api.internal.tasks.execution.EventFiringTaskExecuter.execute(EventFiringTaskExecuter.java:52)
	at org.gradle.execution.plan.LocalTaskNodeExecutor.execute(LocalTaskNodeExecutor.java:69)
	at org.gradle.execution.taskgraph.DefaultTaskExecutionGraph$InvokeNodeExecutorsAction.execute(DefaultTaskExecutionGraph.java:322)
	at org.gradle.execution.taskgraph.DefaultTaskExecutionGraph$InvokeNodeExecutorsAction.execute(DefaultTaskExecutionGraph.java:309)
	at org.gradle.execution.taskgraph.DefaultTaskExecutionGraph$BuildOperationAwareExecutionAction.execute(DefaultTaskExecutionGraph.java:302)
	at org.gradle.execution.taskgraph.DefaultTaskExecutionGraph$BuildOperationAwareExecutionAction.execute(DefaultTaskExecutionGraph.java:288)
	at org.gradle.execution.plan.DefaultPlanExecutor$ExecutorWorker.execute(DefaultPlanExecutor.java:462)
	at org.gradle.execution.plan.DefaultPlanExecutor$ExecutorWorker.run(DefaultPlanExecutor.java:379)
	at org.gradle.execution.plan.DefaultPlanExecutor.process(DefaultPlanExecutor.java:115)
	at org.gradle.execution.taskgraph.DefaultTaskExecutionGraph.executeWithServices(DefaultTaskExecutionGraph.java:135)
	at org.gradle.execution.taskgraph.DefaultTaskExecutionGraph.execute(DefaultTaskExecutionGraph.java:120)
	at org.gradle.execution.SelectedTaskExecutionAction.execute(SelectedTaskExecutionAction.java:35)
	at org.gradle.execution.DryRunBuildExecutionAction.execute(DryRunBuildExecutionAction.java:51)
	at org.gradle.execution.BuildOperationFiringBuildWorkerExecutor$ExecuteTasks.call(BuildOperationFiringBuildWorkerExecutor.java:54)
	at org.gradle.execution.BuildOperationFiringBuildWorkerExecutor$ExecuteTasks.call(BuildOperationFiringBuildWorkerExecutor.java:43)
	at org.gradle.internal.operations.DefaultBuildOperationRunner$CallableBuildOperationWorker.execute(DefaultBuildOperationRunner.java:204)
	at org.gradle.internal.operations.DefaultBuildOperationRunner$CallableBuildOperationWorker.execute(DefaultBuildOperationRunner.java:199)
	at org.gradle.internal.operations.DefaultBuildOperationRunner$2.execute(DefaultBuildOperationRunner.java:66)
	at org.gradle.internal.operations.DefaultBuildOperationRunner$2.execute(DefaultBuildOperationRunner.java:59)
	at org.gradle.internal.operations.DefaultBuildOperationRunner.execute(DefaultBuildOperationRunner.java:157)
	at org.gradle.internal.operations.DefaultBuildOperationRunner.execute(DefaultBuildOperationRunner.java:59)
	at org.gradle.internal.operations.DefaultBuildOperationRunner.call(DefaultBuildOperationRunner.java:53)
	at org.gradle.internal.operations.DefaultBuildOperationExecutor.call(DefaultBuildOperationExecutor.java:73)
	at org.gradle.execution.BuildOperationFiringBuildWorkerExecutor.execute(BuildOperationFiringBuildWorkerExecutor.java:40)
	at org.gradle.internal.build.DefaultBuildLifecycleController.lambda$executeTasks$6(DefaultBuildLifecycleController.java:167)
	at org.gradle.internal.model.StateTransitionController.doTransition(StateTransitionController.java:247)
	at org.gradle.internal.model.StateTransitionController.lambda$tryTransition$7(StateTransitionController.java:174)
	at org.gradle.internal.work.DefaultSynchronizer.withLock(DefaultSynchronizer.java:44)
	at org.gradle.internal.model.StateTransitionController.tryTransition(StateTransitionController.java:174)
	at org.gradle.internal.build.DefaultBuildLifecycleController.executeTasks(DefaultBuildLifecycleController.java:167)
	at org.gradle.internal.build.DefaultBuildWorkGraphController$DefaultBuildWorkGraph.runWork(DefaultBuildWorkGraphController.java:190)
	at org.gradle.internal.work.DefaultWorkerLeaseService.withLocks(DefaultWorkerLeaseService.java:249)
	at org.gradle.internal.work.DefaultWorkerLeaseService.runAsWorkerThread(DefaultWorkerLeaseService.java:109)
	at org.gradle.composite.internal.DefaultBuildController.doRun(DefaultBuildController.java:172)
	at org.gradle.composite.internal.DefaultBuildController.access$000(DefaultBuildController.java:47)
	at org.gradle.composite.internal.DefaultBuildController$BuildOpRunnable.run(DefaultBuildController.java:191)
	at org.gradle.internal.concurrent.ExecutorPolicy$CatchAndRecordFailures.onExecute(ExecutorPolicy.java:64)
	at org.gradle.internal.concurrent.ManagedExecutorImpl$1.run(ManagedExecutorImpl.java:49)
Caused by: org.gradle.api.internal.tasks.compile.CompilationFailedException: Compilation failed; see the compiler error output for details.
	at org.gradle.api.internal.tasks.compile.JdkJavaCompiler.execute(JdkJavaCompiler.java:57)
	at org.gradle.api.internal.tasks.compile.JdkJavaCompiler.execute(JdkJavaCompiler.java:39)
	at org.gradle.api.internal.tasks.compile.NormalizingJavaCompiler.delegateAndHandleErrors(NormalizingJavaCompiler.java:98)
	at org.gradle.api.internal.tasks.compile.NormalizingJavaCompiler.execute(NormalizingJavaCompiler.java:52)
	at org.gradle.api.internal.tasks.compile.NormalizingJavaCompiler.execute(NormalizingJavaCompiler.java:38)
	at org.gradle.api.internal.tasks.compile.AnnotationProcessorDiscoveringCompiler.execute(AnnotationProcessorDiscoveringCompiler.java:51)
	at org.gradle.api.internal.tasks.compile.AnnotationProcessorDiscoveringCompiler.execute(AnnotationProcessorDiscoveringCompiler.java:37)
	at org.gradle.api.internal.tasks.compile.ModuleApplicationNameWritingCompiler.execute(ModuleApplicationNameWritingCompiler.java:46)
	at org.gradle.api.internal.tasks.compile.ModuleApplicationNameWritingCompiler.execute(ModuleApplicationNameWritingCompiler.java:36)
	at org.gradle.jvm.toolchain.internal.DefaultToolchainJavaCompiler.execute(DefaultToolchainJavaCompiler.java:57)
	at org.gradle.api.tasks.compile.JavaCompile.lambda$createToolchainCompiler$1(JavaCompile.java:237)
	at org.gradle.api.internal.tasks.compile.CleaningJavaCompiler.execute(CleaningJavaCompiler.java:53)
	at org.gradle.api.internal.tasks.compile.incremental.IncrementalCompilerFactory.lambda$createRebuildAllCompiler$0(IncrementalCompilerFactory.java:52)
	at org.gradle.api.internal.tasks.compile.incremental.SelectiveCompiler.execute(SelectiveCompiler.java:70)
	at org.gradle.api.internal.tasks.compile.incremental.SelectiveCompiler.execute(SelectiveCompiler.java:44)
	at org.gradle.api.internal.tasks.compile.incremental.IncrementalResultStoringCompiler.execute(IncrementalResultStoringCompiler.java:66)
	at org.gradle.api.internal.tasks.compile.incremental.IncrementalResultStoringCompiler.execute(IncrementalResultStoringCompiler.java:52)
	at org.gradle.api.internal.tasks.compile.CompileJavaBuildOperationReportingCompiler$2.call(CompileJavaBuildOperationReportingCompiler.java:59)
	at org.gradle.api.internal.tasks.compile.CompileJavaBuildOperationReportingCompiler$2.call(CompileJavaBuildOperationReportingCompiler.java:51)
	at org.gradle.internal.operations.DefaultBuildOperationRunner$CallableBuildOperationWorker.execute(DefaultBuildOperationRunner.java:204)
	at org.gradle.internal.operations.DefaultBuildOperationRunner$CallableBuildOperationWorker.execute(DefaultBuildOperationRunner.java:199)
	at org.gradle.internal.operations.DefaultBuildOperationRunner$2.execute(DefaultBuildOperationRunner.java:66)
	at org.gradle.internal.operations.DefaultBuildOperationRunner$2.execute(DefaultBuildOperationRunner.java:59)
	at org.gradle.internal.operations.DefaultBuildOperationRunner.execute(DefaultBuildOperationRunner.java:157)
	at org.gradle.internal.operations.DefaultBuildOperationRunner.execute(DefaultBuildOperationRunner.java:59)
	at org.gradle.internal.operations.DefaultBuildOperationRunner.call(DefaultBuildOperationRunner.java:53)
	at org.gradle.internal.operations.DefaultBuildOperationExecutor.call(DefaultBuildOperationExecutor.java:73)
	at org.gradle.api.internal.tasks.compile.CompileJavaBuildOperationReportingCompiler.execute(CompileJavaBuildOperationReportingCompiler.java:51)
	at org.gradle.api.tasks.compile.JavaCompile.performCompilation(JavaCompile.java:288)
	at org.gradle.api.tasks.compile.JavaCompile.performIncrementalCompilation(JavaCompile.java:170)
	at org.gradle.api.tasks.compile.JavaCompile.compile(JavaCompile.java:148)
	at java.base/jdk.internal.reflect.NativeMethodAccessorImpl.invoke0(Native Method)
	at java.base/jdk.internal.reflect.NativeMethodAccessorImpl.invoke(NativeMethodAccessorImpl.java:77)
	at java.base/jdk.internal.reflect.DelegatingMethodAccessorImpl.invoke(DelegatingMethodAccessorImpl.java:43)
	at org.gradle.internal.reflect.JavaMethod.invoke(JavaMethod.java:125)
	at org.gradle.api.internal.project.taskfactory.IncrementalInputsTaskAction.doExecute(IncrementalInputsTaskAction.java:32)
	at org.gradle.api.internal.project.taskfactory.StandardTaskAction.execute(StandardTaskAction.java:51)
	at org.gradle.api.internal.project.taskfactory.AbstractIncrementalTaskAction.execute(AbstractIncrementalTaskAction.java:25)
	at org.gradle.api.internal.project.taskfactory.StandardTaskAction.execute(StandardTaskAction.java:29)
	at org.gradle.api.internal.tasks.execution.TaskExecution$3.run(TaskExecution.java:236)
	at org.gradle.internal.operations.DefaultBuildOperationRunner$1.execute(DefaultBuildOperationRunner.java:29)
	at org.gradle.internal.operations.DefaultBuildOperationRunner$1.execute(DefaultBuildOperationRunner.java:26)
	at org.gradle.internal.operations.DefaultBuildOperationRunner$2.execute(DefaultBuildOperationRunner.java:66)
	at org.gradle.internal.operations.DefaultBuildOperationRunner$2.execute(DefaultBuildOperationRunner.java:59)
	at org.gradle.internal.operations.DefaultBuildOperationRunner.execute(DefaultBuildOperationRunner.java:157)
	at org.gradle.internal.operations.DefaultBuildOperationRunner.execute(DefaultBuildOperationRunner.java:59)
	at org.gradle.internal.operations.DefaultBuildOperationRunner.run(DefaultBuildOperationRunner.java:47)
	at org.gradle.internal.operations.DefaultBuildOperationExecutor.run(DefaultBuildOperationExecutor.java:68)
	at org.gradle.api.internal.tasks.execution.TaskExecution.executeAction(TaskExecution.java:221)
	at org.gradle.api.internal.tasks.execution.TaskExecution.executeActions(TaskExecution.java:204)
	at org.gradle.api.internal.tasks.execution.TaskExecution.executeWithPreviousOutputFiles(TaskExecution.java:187)
	at org.gradle.api.internal.tasks.execution.TaskExecution.execute(TaskExecution.java:165)
	at org.gradle.internal.execution.steps.ExecuteStep.executeInternal(ExecuteStep.java:89)
	at org.gradle.internal.execution.steps.ExecuteStep.access$000(ExecuteStep.java:40)
	at org.gradle.internal.execution.steps.ExecuteStep$1.call(ExecuteStep.java:53)
	at org.gradle.internal.execution.steps.ExecuteStep$1.call(ExecuteStep.java:50)
	at org.gradle.internal.operations.DefaultBuildOperationRunner$CallableBuildOperationWorker.execute(DefaultBuildOperationRunner.java:204)
	at org.gradle.internal.operations.DefaultBuildOperationRunner$CallableBuildOperationWorker.execute(DefaultBuildOperationRunner.java:199)
	at org.gradle.internal.operations.DefaultBuildOperationRunner$2.execute(DefaultBuildOperationRunner.java:66)
	at org.gradle.internal.operations.DefaultBuildOperationRunner$2.execute(DefaultBuildOperationRunner.java:59)
	at org.gradle.internal.operations.DefaultBuildOperationRunner.execute(DefaultBuildOperationRunner.java:157)
	at org.gradle.internal.operations.DefaultBuildOperationRunner.execute(DefaultBuildOperationRunner.java:59)
	at org.gradle.internal.operations.DefaultBuildOperationRunner.call(DefaultBuildOperationRunner.java:53)
	at org.gradle.internal.operations.DefaultBuildOperationExecutor.call(DefaultBuildOperationExecutor.java:73)
	at org.gradle.internal.execution.steps.ExecuteStep.execute(ExecuteStep.java:50)
	at org.gradle.internal.execution.steps.ExecuteStep.execute(ExecuteStep.java:40)
	at org.gradle.internal.execution.steps.RemovePreviousOutputsStep.execute(RemovePreviousOutputsStep.java:68)
	at org.gradle.internal.execution.steps.RemovePreviousOutputsStep.execute(RemovePreviousOutputsStep.java:38)
	at org.gradle.internal.execution.steps.CancelExecutionStep.execute(CancelExecutionStep.java:41)
	at org.gradle.internal.execution.steps.TimeoutStep.executeWithoutTimeout(TimeoutStep.java:74)
	at org.gradle.internal.execution.steps.TimeoutStep.execute(TimeoutStep.java:55)
	at org.gradle.internal.execution.steps.CreateOutputsStep.execute(CreateOutputsStep.java:51)
	at org.gradle.internal.execution.steps.CreateOutputsStep.execute(CreateOutputsStep.java:29)
	at org.gradle.internal.execution.steps.CaptureStateAfterExecutionStep.executeDelegateBroadcastingChanges(CaptureStateAfterExecutionStep.java:124)
	at org.gradle.internal.execution.steps.CaptureStateAfterExecutionStep.execute(CaptureStateAfterExecutionStep.java:80)
	at org.gradle.internal.execution.steps.CaptureStateAfterExecutionStep.execute(CaptureStateAfterExecutionStep.java:58)
	at org.gradle.internal.execution.steps.ResolveInputChangesStep.execute(ResolveInputChangesStep.java:48)
	at org.gradle.internal.execution.steps.ResolveInputChangesStep.execute(ResolveInputChangesStep.java:36)
	at org.gradle.internal.execution.steps.BuildCacheStep.executeWithoutCache(BuildCacheStep.java:181)
	at org.gradle.internal.execution.steps.BuildCacheStep.executeAndStoreInCache(BuildCacheStep.java:154)
	at org.gradle.internal.execution.steps.BuildCacheStep.lambda$executeWithCache$4(BuildCacheStep.java:121)
	at org.gradle.internal.execution.steps.BuildCacheStep.lambda$executeWithCache$5(BuildCacheStep.java:121)
	at org.gradle.internal.Try$Success.map(Try.java:164)
	at org.gradle.internal.execution.steps.BuildCacheStep.executeWithCache(BuildCacheStep.java:81)
	at org.gradle.internal.execution.steps.BuildCacheStep.lambda$execute$0(BuildCacheStep.java:70)
	at org.gradle.internal.Either$Left.fold(Either.java:115)
	at org.gradle.internal.execution.caching.CachingState.fold(CachingState.java:59)
	at org.gradle.internal.execution.steps.BuildCacheStep.execute(BuildCacheStep.java:69)
	at org.gradle.internal.execution.steps.BuildCacheStep.execute(BuildCacheStep.java:47)
	at org.gradle.internal.execution.steps.StoreExecutionStateStep.execute(StoreExecutionStateStep.java:36)
	at org.gradle.internal.execution.steps.StoreExecutionStateStep.execute(StoreExecutionStateStep.java:25)
	at org.gradle.internal.execution.steps.RecordOutputsStep.execute(RecordOutputsStep.java:36)
	at org.gradle.internal.execution.steps.RecordOutputsStep.execute(RecordOutputsStep.java:22)
	at org.gradle.internal.execution.steps.SkipUpToDateStep.executeBecause(SkipUpToDateStep.java:110)
	at org.gradle.internal.execution.steps.SkipUpToDateStep.lambda$execute$2(SkipUpToDateStep.java:56)
	at org.gradle.internal.execution.steps.SkipUpToDateStep.execute(SkipUpToDateStep.java:56)
	at org.gradle.internal.execution.steps.SkipUpToDateStep.execute(SkipUpToDateStep.java:38)
	at org.gradle.internal.execution.steps.ResolveChangesStep.execute(ResolveChangesStep.java:73)
	at org.gradle.internal.execution.steps.ResolveChangesStep.execute(ResolveChangesStep.java:44)
	at org.gradle.internal.execution.steps.legacy.MarkSnapshottingInputsFinishedStep.execute(MarkSnapshottingInputsFinishedStep.java:37)
	at org.gradle.internal.execution.steps.legacy.MarkSnapshottingInputsFinishedStep.execute(MarkSnapshottingInputsFinishedStep.java:27)
	at org.gradle.internal.execution.steps.ResolveCachingStateStep.execute(ResolveCachingStateStep.java:89)
	at org.gradle.internal.execution.steps.ResolveCachingStateStep.execute(ResolveCachingStateStep.java:50)
	at org.gradle.internal.execution.steps.ValidateStep.execute(ValidateStep.java:102)
	at org.gradle.internal.execution.steps.ValidateStep.execute(ValidateStep.java:57)
	at org.gradle.internal.execution.steps.CaptureStateBeforeExecutionStep.execute(CaptureStateBeforeExecutionStep.java:76)
	at org.gradle.internal.execution.steps.CaptureStateBeforeExecutionStep.execute(CaptureStateBeforeExecutionStep.java:50)
	at org.gradle.internal.execution.steps.SkipEmptyWorkStep.executeWithNoEmptySources(SkipEmptyWorkStep.java:254)
	at org.gradle.internal.execution.steps.SkipEmptyWorkStep.executeWithNoEmptySources(SkipEmptyWorkStep.java:209)
	at org.gradle.internal.execution.steps.SkipEmptyWorkStep.execute(SkipEmptyWorkStep.java:88)
	at org.gradle.internal.execution.steps.SkipEmptyWorkStep.execute(SkipEmptyWorkStep.java:56)
	at org.gradle.internal.execution.steps.RemoveUntrackedExecutionStateStep.execute(RemoveUntrackedExecutionStateStep.java:32)
	at org.gradle.internal.execution.steps.RemoveUntrackedExecutionStateStep.execute(RemoveUntrackedExecutionStateStep.java:21)
	at org.gradle.internal.execution.steps.legacy.MarkSnapshottingInputsStartedStep.execute(MarkSnapshottingInputsStartedStep.java:38)
	at org.gradle.internal.execution.steps.LoadPreviousExecutionStateStep.execute(LoadPreviousExecutionStateStep.java:43)
	at org.gradle.internal.execution.steps.LoadPreviousExecutionStateStep.execute(LoadPreviousExecutionStateStep.java:31)
	at org.gradle.internal.execution.steps.AssignWorkspaceStep.lambda$execute$0(AssignWorkspaceStep.java:40)
	at org.gradle.api.internal.tasks.execution.TaskExecution$4.withWorkspace(TaskExecution.java:281)
	at org.gradle.internal.execution.steps.AssignWorkspaceStep.execute(AssignWorkspaceStep.java:40)
	at org.gradle.internal.execution.steps.AssignWorkspaceStep.execute(AssignWorkspaceStep.java:30)
	at org.gradle.internal.execution.steps.IdentityCacheStep.execute(IdentityCacheStep.java:37)
	at org.gradle.internal.execution.steps.IdentityCacheStep.execute(IdentityCacheStep.java:27)
	at org.gradle.internal.execution.steps.IdentifyStep.execute(IdentifyStep.java:44)
	at org.gradle.internal.execution.steps.IdentifyStep.execute(IdentifyStep.java:33)
	at org.gradle.internal.execution.impl.DefaultExecutionEngine$1.execute(DefaultExecutionEngine.java:76)
	at org.gradle.api.internal.tasks.execution.ExecuteActionsTaskExecuter.executeIfValid(ExecuteActionsTaskExecuter.java:139)
	at org.gradle.api.internal.tasks.execution.ExecuteActionsTaskExecuter.execute(ExecuteActionsTaskExecuter.java:128)
	at org.gradle.api.internal.tasks.execution.CleanupStaleOutputsExecuter.execute(CleanupStaleOutputsExecuter.java:77)
	at org.gradle.api.internal.tasks.execution.FinalizePropertiesTaskExecuter.execute(FinalizePropertiesTaskExecuter.java:46)
	at org.gradle.api.internal.tasks.execution.ResolveTaskExecutionModeExecuter.execute(ResolveTaskExecutionModeExecuter.java:51)
	at org.gradle.api.internal.tasks.execution.SkipTaskWithNoActionsExecuter.execute(SkipTaskWithNoActionsExecuter.java:57)
	at org.gradle.api.internal.tasks.execution.SkipOnlyIfTaskExecuter.execute(SkipOnlyIfTaskExecuter.java:57)
	at org.gradle.api.internal.tasks.execution.CatchExceptionTaskExecuter.execute(CatchExceptionTaskExecuter.java:36)
	at org.gradle.api.internal.tasks.execution.EventFiringTaskExecuter$1.executeTask(EventFiringTaskExecuter.java:77)
	at org.gradle.api.internal.tasks.execution.EventFiringTaskExecuter$1.call(EventFiringTaskExecuter.java:55)
	at org.gradle.api.internal.tasks.execution.EventFiringTaskExecuter$1.call(EventFiringTaskExecuter.java:52)
	at org.gradle.internal.operations.DefaultBuildOperationRunner$CallableBuildOperationWorker.execute(DefaultBuildOperationRunner.java:204)
	at org.gradle.internal.operations.DefaultBuildOperationRunner$CallableBuildOperationWorker.execute(DefaultBuildOperationRunner.java:199)
	at org.gradle.internal.operations.DefaultBuildOperationRunner$2.execute(DefaultBuildOperationRunner.java:66)
	at org.gradle.internal.operations.DefaultBuildOperationRunner$2.execute(DefaultBuildOperationRunner.java:59)
	at org.gradle.internal.operations.DefaultBuildOperationRunner.execute(DefaultBuildOperationRunner.java:157)
	at org.gradle.internal.operations.DefaultBuildOperationRunner.execute(DefaultBuildOperationRunner.java:59)
	at org.gradle.internal.operations.DefaultBuildOperationRunner.call(DefaultBuildOperationRunner.java:53)
	at org.gradle.internal.operations.DefaultBuildOperationExecutor.call(DefaultBuildOperationExecutor.java:73)
	at org.gradle.api.internal.tasks.execution.EventFiringTaskExecuter.execute(EventFiringTaskExecuter.java:52)
	at org.gradle.execution.plan.LocalTaskNodeExecutor.execute(LocalTaskNodeExecutor.java:69)
	at org.gradle.execution.taskgraph.DefaultTaskExecutionGraph$InvokeNodeExecutorsAction.execute(DefaultTaskExecutionGraph.java:322)
	at org.gradle.execution.taskgraph.DefaultTaskExecutionGraph$InvokeNodeExecutorsAction.execute(DefaultTaskExecutionGraph.java:309)
	at org.gradle.execution.taskgraph.DefaultTaskExecutionGraph$BuildOperationAwareExecutionAction.execute(DefaultTaskExecutionGraph.java:302)
	at org.gradle.execution.taskgraph.DefaultTaskExecutionGraph$BuildOperationAwareExecutionAction.execute(DefaultTaskExecutionGraph.java:288)
	at org.gradle.execution.plan.DefaultPlanExecutor$ExecutorWorker.execute(DefaultPlanExecutor.java:462)
	at org.gradle.execution.plan.DefaultPlanExecutor$ExecutorWorker.run(DefaultPlanExecutor.java:379)
	at org.gradle.execution.plan.DefaultPlanExecutor.process(DefaultPlanExecutor.java:115)
	at org.gradle.execution.taskgraph.DefaultTaskExecutionGraph.executeWithServices(DefaultTaskExecutionGraph.java:135)
	at org.gradle.execution.taskgraph.DefaultTaskExecutionGraph.execute(DefaultTaskExecutionGraph.java:120)
	at org.gradle.execution.SelectedTaskExecutionAction.execute(SelectedTaskExecutionAction.java:35)
	at org.gradle.execution.DryRunBuildExecutionAction.execute(DryRunBuildExecutionAction.java:51)
	at org.gradle.execution.BuildOperationFiringBuildWorkerExecutor$ExecuteTasks.call(BuildOperationFiringBuildWorkerExecutor.java:54)
	at org.gradle.execution.BuildOperationFiringBuildWorkerExecutor$ExecuteTasks.call(BuildOperationFiringBuildWorkerExecutor.java:43)
	at org.gradle.internal.operations.DefaultBuildOperationRunner$CallableBuildOperationWorker.execute(DefaultBuildOperationRunner.java:204)
	at org.gradle.internal.operations.DefaultBuildOperationRunner$CallableBuildOperationWorker.execute(DefaultBuildOperationRunner.java:199)
	at org.gradle.internal.operations.DefaultBuildOperationRunner$2.execute(DefaultBuildOperationRunner.java:66)
	at org.gradle.internal.operations.DefaultBuildOperationRunner$2.execute(DefaultBuildOperationRunner.java:59)
	at org.gradle.internal.operations.DefaultBuildOperationRunner.execute(DefaultBuildOperationRunner.java:157)
	at org.gradle.internal.operations.DefaultBuildOperationRunner.execute(DefaultBuildOperationRunner.java:59)
	at org.gradle.internal.operations.DefaultBuildOperationRunner.call(DefaultBuildOperationRunner.java:53)
	at org.gradle.internal.operations.DefaultBuildOperationExecutor.call(DefaultBuildOperationExecutor.java:73)
	at org.gradle.execution.BuildOperationFiringBuildWorkerExecutor.execute(BuildOperationFiringBuildWorkerExecutor.java:40)
	at org.gradle.internal.build.DefaultBuildLifecycleController.lambda$executeTasks$6(DefaultBuildLifecycleController.java:167)
	at org.gradle.internal.model.StateTransitionController.doTransition(StateTransitionController.java:247)
	at org.gradle.internal.model.StateTransitionController.lambda$tryTransition$7(StateTransitionController.java:174)
	at org.gradle.internal.work.DefaultSynchronizer.withLock(DefaultSynchronizer.java:44)
	at org.gradle.internal.model.StateTransitionController.tryTransition(StateTransitionController.java:174)
	at org.gradle.internal.build.DefaultBuildLifecycleController.executeTasks(DefaultBuildLifecycleController.java:167)
	at org.gradle.internal.build.DefaultBuildWorkGraphController$DefaultBuildWorkGraph.runWork(DefaultBuildWorkGraphController.java:190)
	at org.gradle.internal.work.DefaultWorkerLeaseService.withLocks(DefaultWorkerLeaseService.java:249)
	at org.gradle.internal.work.DefaultWorkerLeaseService.runAsWorkerThread(DefaultWorkerLeaseService.java:109)
	at org.gradle.composite.internal.DefaultBuildController.doRun(DefaultBuildController.java:172)
	at org.gradle.composite.internal.DefaultBuildController.access$000(DefaultBuildController.java:47)
	at org.gradle.composite.internal.DefaultBuildController$BuildOpRunnable.run(DefaultBuildController.java:191)
	at org.gradle.internal.concurrent.ExecutorPolicy$CatchAndRecordFailures.onExecute(ExecutorPolicy.java:64)
	at org.gradle.internal.concurrent.ManagedExecutorImpl$1.run(ManagedExecutorImpl.java:49)
* Get more help at https://help.gradle.org
BUILD FAILED in 2m 9s
Retention: retained cid=
